{
    "state": {
        "real": [
            0.8601307960066487,
            0.015025856359689935,
            0.031391087417223934,
            -0.022910961647277624,
            0.039766737928918314,
            0.013513352098087836,
            0.07258232002681665,
            0.023207015932190204,
            -0.0315875346622083,
            0.003870243343180654,
            0.013185083938923061,
            -0.021677291034981054,
            0.0470380625075313,
            0.029874620778026953,
            0.022784506599132098,
            0.0016091924720311127,
            0.03571870430466716,
            0.00989843573611146,
            -0.009508040984807046,
            -0.03421554451259371,
            0.024759782280775522,
            0.0008391267821809181,
            0.014426480095594755,
            -0.0037033300698083556,
            0.002828579151277359,
            -0.015006496181020542,
            -0.04338236067629961,
            0.002273921201347503,
            -0.003050398328804726,
            -0.005464013540355649,
            0.0036371287771633978,
            -0.00785405466079438,
            0.012969700096200555,
            -0.00846198424803087,
            -0.005993484759980236,
            -0.0014064460075072236,
            0.01813350439758143,
            0.02101144298507645,
            -0.024978501862912308,
            0.016468055414729545,
            0.024734809640457142,
            -0.03928149237274428,
            -0.01460716388564274,
            -0.02466643724235558,
            -0.029234373919425544,
            0.032516758732930695,
            0.0333040182175729,
            -0.004522623382681484,
            0.047620440169277974,
            0.007921418957718133,
            0.011445415005615377,
            -0.005942263241729608,
            -0.00576455061873916,
            -0.00493053504715645,
            0.02271238788088385,
            0.03293270021413078,
            -0.0013212377841458095,
            0.014232842461469292,
            0.00395232940764521,
            0.05850721435006517,
            -0.03050149557791469,
            0.02023781618391456,
            -0.05107527722287026,
            -0.004363574866450332,
            0.028018442147237345,
            0.01445062216319123,
            0.008652463493485441,
            -0.0355306905811207,
            -0.005040286993822339,
            0.008683179265347766,
            0.01848131139831434,
            0.001333163367438833,
            -0.03420489862577288,
            -0.0033622108856180702,
            -0.029696697215979267,
            0.0031218695355005105,
            -0.008521155107631137,
            -0.010564439597983845,
            -0.0028384824004145577,
            -0.04321113208112446,
            -0.039319733483240485,
            -0.004427816334200413,
            0.027741105309841953,
            -0.031406136368732816,
            -0.006430043053363787,
            0.023500572842770844,
            -0.004614023334589672,
            0.0445265521600223,
            0.027149226708962113,
            0.013563491899972168,
            -0.03975465149469218,
            -0.013419584785149923,
            -0.029518390982588356,
            0.0029781066651289904,
            0.014365345673092406,
            -0.007213525653295309,
            -0.01322142337633889,
            -0.013859048656306258,
            -0.031286923699131795,
            -0.020777404414678236,
            -0.010323354588707206,
            0.009426363549731621,
            0.010028739673560202,
            -0.033146712094035344,
            -0.03322387482372527,
            -0.0010061225843146235,
            -0.004450514660690569,
            0.007409647104244542,
            0.0395047812766515,
            0.028659356363459933,
            -0.024627963246238165,
            0.0025848703340137225,
            0.05061067800189737,
            0.03353352738773519,
            0.021437730361178055,
            0.02668372306735274,
            0.017177896815930446,
            -0.012285898275080438,
            -0.003950661858707908,
            0.018443372591103242,
            0.014320249952274912,
            0.04315026638684628,
            0.010034405803788227,
            -0.0012356142891170388,
            -0.006782117633128869,
            -0.009112756713279619,
            0.02891688553011639,
            0.012987270727703684,
            -0.008736208590814074,
            0.01298727072770465,
            0.0289168855301173,
            -0.009112756713281059,
            -0.006782117633126516,
            -0.0012356142891171854,
            0.01003440580378695,
            0.043150266386844986,
            0.014320249952273012,
            0.01844337259110147,
            -0.0039506618587094155,
            -0.012285898275079737,
            0.017177896815931244,
            0.02668372306735438,
            0.021437730361179075,
            0.03353352738773388,
            0.0506106780018952,
            0.002584870334011063,
            -0.02462796324623783,
            0.028659356363458253,
            0.03950478127664946,
            0.007409647104242955,
            -0.0044505146606902204,
            -0.0010061225843140693,
            -0.03322387482372431,
            -0.03314671209403624,
            0.010028739673561913,
            0.009426363549733276,
            -0.010323354588705938,
            -0.02077740441467774,
            -0.031286923699129186,
            -0.013859048656305814,
            -0.013221423376334227,
            -0.007213525653296814,
            0.014365345673094578,
            0.0029781066651259703,
            -0.029518390982587895,
            -0.013419584785150018,
            -0.039754651494688376,
            0.013563491899977713,
            0.0271492267089634,
            0.04452655216002314,
            -0.004614023334589332,
            0.023500572842771635,
            -0.006430043053360494,
            -0.03140613636873581,
            0.02774110530983519,
            -0.004427816334201777,
            -0.03931973348324145,
            -0.04321113208112458,
            -0.002838482400416275,
            -0.010564439597982308,
            -0.008521155107632815,
            0.003121869535499989,
            -0.02969669721598057,
            -0.003362210885617076,
            -0.034204898625774104,
            0.0013331633674382266,
            0.018481311398317768,
            0.008683179265348537,
            -0.005040286993819768,
            -0.03553069058111982,
            0.008652463493486487,
            0.014450622163192085,
            0.028018442147235575,
            -0.0043635748664465806,
            -0.051075277222870294,
            0.020237816183912998,
            -0.03050149557791504,
            0.05850721435006443,
            0.003952329407644918,
            0.014232842461471008,
            -0.0013212377841490333,
            0.03293270021413406,
            0.02271238788088736,
            -0.004930535047156965,
            -0.005764550618735485,
            -0.0059422632417254805,
            0.01144541500561792,
            0.007921418957722234,
            0.04762044016928124,
            -0.004522623382677654,
            0.033304018217574005,
            0.032516758732927704,
            -0.02923437391942766,
            -0.02466643724235615,
            -0.014607163885640222,
            -0.03928149237274179,
            0.024734809640457107,
            0.016468055414732338,
            -0.024978501862910556,
            0.0210114429850794,
            0.018133504397578475,
            -0.0014064460075054108,
            -0.00599348475997854,
            -0.008461984248031573,
            0.012969700096203348,
            -0.00785405466079342,
            0.0036371287771647153,
            -0.00546401354034836,
            -0.003050398328805849,
            0.0022739212013481534,
            -0.043382360676298984,
            -0.015006496181019086,
            0.002828579151266175,
            -0.00370333006981138,
            0.014426480095598609,
            0.0008391267821835392,
            0.024759782280773884,
            -0.03421554451259592,
            -0.009508040984809214,
            0.009898435736112503,
            0.03571870430466842,
            0.0016091924720330313,
            0.022784506599133364,
            0.029874620778029836,
            0.047038062507533264,
            -0.021677291034980124,
            0.013185083938921444,
            0.0038702433431823703,
            -0.031587534662206186,
            0.023207015932190475,
            0.07258232002681828,
            0.013513352098088221,
            0.039766737928921325,
            -0.022910961647277163,
            0.03139108741722984,
            0.015025856359695005
        ],
        "imag": [
            0.0,
            0.018876205481757762,
            -0.022037627110767087,
            0.02406144888158216,
            0.02048915423589064,
            0.0008858406504500297,
            -0.010872236293118492,
            -0.01850131137059545,
            -0.0378358621926164,
            -0.009421004637038032,
            0.032371785805809516,
            -0.006900734128401744,
            -5.700504614684779e-05,
            0.003582128123620414,
            -0.012877635226059933,
            0.016942695342159055,
            0.025303936889365775,
            -0.006331064302669017,
            0.00669922524071709,
            -0.010566329386163607,
            0.04798068175488337,
            0.001779628379414703,
            -0.03683226651718393,
            0.012055580847778372,
            -0.011218918942028625,
            -0.02935268145970598,
            0.011258875236653204,
            -0.0274124013071885,
            -0.03467766621908296,
            -0.007231497627836828,
            -0.022296266085040473,
            0.026421607902648726,
            -0.01487048592061566,
            -0.006197484148862479,
            -0.0009212142038444882,
            0.03962566526254686,
            0.046188715139385,
            -0.015174221317083056,
            -0.015609139525191364,
            -0.024563211805035328,
            0.01939596082678845,
            0.013049545111546247,
            -0.026027046667390332,
            0.007611696442587448,
            -0.004839868798243179,
            0.027722796989334584,
            -0.043586464750240216,
            0.00017286715080976414,
            0.00810847403743098,
            0.040376303980358845,
            0.007152249666686954,
            -0.01352898725474859,
            0.008173817606636057,
            -0.011776687386047945,
            -0.04401179761101931,
            -0.04163106656168638,
            -0.00508299378850517,
            -0.019714378033090667,
            -0.007699117147645295,
            -0.019218458827308913,
            -0.0010847854228542737,
            -0.005004116876947701,
            0.024368056849278896,
            -0.01847097577153703,
            -0.009337950131256493,
            0.018073070554778237,
            0.012902097170054298,
            -0.01019623203703956,
            -0.024984365603869803,
            -0.015000858380602269,
            -0.06742176953252256,
            0.0004937972583958262,
            0.0057443217528010265,
            -0.021993688117240263,
            0.024960880811395327,
            -0.0059689854391340065,
            -0.01036170655171681,
            -0.04213373780192114,
            0.002399857333211428,
            -0.020494530384653382,
            -0.003130880550059899,
            -0.0002467630377479919,
            0.019635293823005245,
            0.018785282114846473,
            0.01293772757213077,
            0.011325651736508274,
            -0.011005081443305698,
            0.022500585619347202,
            -0.0012414333169184048,
            0.0012263478409320272,
            0.002318087069998728,
            0.00043485382115154327,
            -0.0015997536640207331,
            0.000265386113446401,
            0.009279143480177537,
            -0.00597057824959706,
            -0.019850478618051597,
            -0.005136451180337678,
            0.015545412047179474,
            -0.03340843617908855,
            -0.020745111579773837,
            -0.003530467640542342,
            -0.009849238293072457,
            0.0038370000753784658,
            -0.01450755508717021,
            -0.011800725734018165,
            0.013050358968474868,
            -0.000550153131385941,
            -0.0005579921573261237,
            -0.017954600967641628,
            0.011040837707127903,
            0.01708908542182667,
            0.03832484713187325,
            -0.010119563979052035,
            -0.03014791648281466,
            -0.02825785039774642,
            -0.011460275647600047,
            0.014225878691513967,
            0.014670216453216896,
            0.03765574773383573,
            -0.008916205596455664,
            0.03827016573144353,
            0.021720022008726525,
            -0.004684884123319803,
            -0.0445825719194849,
            0.002327129976324616,
            -0.041100640432438273,
            0.013407534749242113,
            4.0674642195077517e-16,
            -0.013407534749243048,
            0.04110064043243787,
            -0.0023271299763247535,
            0.0445825719194847,
            0.0046848841233184495,
            -0.02172002200872801,
            -0.03827016573144445,
            0.00891620559645671,
            -0.03765574773383505,
            -0.014670216453215897,
            -0.014225878691511328,
            0.011460275647600193,
            0.02825785039774422,
            0.03014791648281332,
            0.010119563979048674,
            -0.038324847131875256,
            -0.017089085421824874,
            -0.011040837707124693,
            0.01795460096764279,
            0.000557992157327364,
            0.0005501531313872651,
            -0.013050358968474307,
            0.011800725734020367,
            0.01450755508717273,
            -0.003837000075375795,
            0.009849238293073857,
            0.0035304676405425997,
            0.0207451115797759,
            0.03340843617908978,
            -0.015545412047178159,
            0.005136451180338906,
            0.019850478618049526,
            0.005970578249590804,
            -0.009279143480181391,
            -0.00026538611344606704,
            0.0015997536640213958,
            -0.00043485382114919705,
            -0.0023180870699962145,
            -0.001226347840929988,
            0.001241433316913891,
            -0.02250058561935115,
            0.011005081443305769,
            -0.011325651736509153,
            -0.012937727572132542,
            -0.018785282114846702,
            -0.019635293823003927,
            0.0002467630377485236,
            0.0031308805500589827,
            0.02049453038465191,
            -0.0023998573332111245,
            0.04213373780192168,
            0.010361706551715867,
            0.005968985439134159,
            -0.024960880811393686,
            0.021993688117239514,
            -0.005744321752798378,
            -0.0004937972583932346,
            0.06742176953252366,
            0.015000858380603305,
            0.024984365603868953,
            0.010196232037037066,
            -0.012902097170054146,
            -0.018073070554775257,
            0.00933795013125759,
            0.01847097577153867,
            -0.02436805684927367,
            0.005004116876948456,
            0.0010847854228578854,
            0.019218458827309035,
            0.0076991171476507945,
            0.019714378033088904,
            0.005082993788505977,
            0.04163106656168933,
            0.044011797611018325,
            0.011776687386047383,
            -0.008173817606635173,
            0.013528987254748789,
            -0.007152249666691699,
            -0.04037630398035469,
            -0.008108474037433519,
            -0.00017286715081400207,
            0.04358646475023565,
            -0.02772279698933741,
            0.004839868798245042,
            -0.007611696442584833,
            0.026027046667387053,
            -0.0130495451115481,
            -0.01939596082678827,
            0.0245632118050341,
            0.015609139525191492,
            0.015174221317082862,
            -0.04618871513938559,
            -0.03962566526254921,
            0.0009212142038461258,
            0.006197484148861978,
            0.014870485920615687,
            -0.026421607902650454,
            0.02229626608503706,
            0.0072314976278327605,
            0.03467766621908097,
            0.027412401307190654,
            -0.011258875236653407,
            0.029352681459696862,
            0.011218918942030144,
            -0.01205558084777203,
            0.036832266517188225,
            -0.0017796283794153035,
            -0.047980681754886234,
            0.010566329386161158,
            -0.006699225240713966,
            0.006331064302669715,
            -0.025303936889364276,
            -0.016942695342155405,
            0.012877635226058504,
            -0.00358212812362187,
            5.700504614250383e-05,
            0.00690073412840393,
            -0.03237178580580513,
            0.009421004637040065,
            0.03783586219261676,
            0.018501311370593895,
            0.010872236293116296,
            -0.0008858406504491503,
            -0.020489154235893276,
            -0.024061448881581356,
            0.022037627110769006,
            -0.018876205481756243
        ]
    }
}