{
    "state": {
        "real": [
            0.8616429285742481,
            0.023778017437540322,
            -0.010944720186070695,
            0.03230624465816332,
            -0.026257427089321897,
            0.03392329517279012,
            -0.0244909300157405,
            -0.0005463185922925695,
            0.025762887573100086,
            0.018499094555953187,
            -0.002583165261245539,
            -0.021687048539000525,
            0.008020679136233114,
            -0.02414328429191489,
            -0.01233371739206322,
            -0.004600562839499728,
            0.039786433769515434,
            -0.028781943559728435,
            -0.02561665329759763,
            -0.006436357143636774,
            0.011912217501268267,
            -0.011916574751076024,
            0.049939836045316835,
            0.05199572265421601,
            -0.03573935428609783,
            0.012237523150425079,
            -0.01060869464889961,
            -0.04187595384884196,
            0.0035165612276316736,
            -0.010758885219663592,
            -0.029568876403533513,
            -0.007220950389804211,
            0.024436442731836636,
            -0.013707057928002963,
            0.01113693375970443,
            -0.018557717820289418,
            0.004160178763694029,
            -0.019334352629510908,
            0.01810892792975887,
            -0.033520610330180535,
            0.02473553249899117,
            -0.017414813800192795,
            0.024555121086468113,
            0.06366443000677334,
            0.001176637877886548,
            0.018144840797162973,
            0.0032800699702594726,
            0.007594659302124732,
            0.026739085916554748,
            0.02848221334452275,
            0.016558207460487428,
            0.03607005953663402,
            0.03071481970778684,
            0.007423242937479959,
            0.029118391161898224,
            -0.0034068907121113942,
            -0.0005020468722286234,
            0.012247739983530253,
            -0.014675056228583755,
            0.04163407788917725,
            0.011009486987929674,
            -0.02833250188397307,
            -0.025885556474338555,
            -0.008945365466397173,
            0.0074322296604230325,
            -0.027053945062473665,
            0.005273796160589601,
            0.026596077084298515,
            0.04198936731137106,
            0.03450093204815972,
            -0.024769709500769507,
            0.01225848137104903,
            0.020976175018688342,
            -1.8133447342980242e-06,
            -0.01861938036152463,
            0.020144822870824915,
            0.008280564646462466,
            -0.0017535761440641256,
            0.015126299741621208,
            -0.011165866704586065,
            0.026054679106819793,
            0.019544767428299307,
            0.02622001857558681,
            -0.029184164901348578,
            0.005845406045996196,
            -0.00995076053554318,
            0.04834607040585232,
            -0.0074311896621339765,
            0.028569465652310444,
            0.0024159599316388534,
            -0.03592329786170189,
            -0.004382608197954851,
            0.042505154496163294,
            -0.006541979516698611,
            0.0003426281900735875,
            -0.031487733397649625,
            -0.008177723043742265,
            -0.011617073136144641,
            0.02147883893852426,
            -0.000978116827824194,
            -0.02593471822272562,
            0.04540936331814513,
            -0.010107795364869282,
            -0.01411175193158531,
            -0.007399915022885058,
            -0.004500708863445313,
            -0.013925116274534164,
            -0.0017425507483028453,
            -0.010473583483791004,
            0.03216765540137721,
            -0.029765782523781828,
            0.0035145750520468267,
            -0.008937265649691878,
            0.026386413113232195,
            0.004166360759255492,
            0.013048351942406833,
            -0.04354741729708773,
            -0.024343966436531916,
            -0.003643632282078051,
            -0.007794514396447293,
            0.00034398440914443717,
            0.014777090713140253,
            -0.015258956839166131,
            -0.0025100987170234446,
            0.01328116145954209,
            0.03600965128003425,
            0.018912928504132533,
            0.004917179522758664,
            -0.0019222186381491623,
            0.004917179522760632,
            0.018912928504132828,
            0.03600965128003331,
            0.013281161459540497,
            -0.0025100987170248207,
            -0.015258956839164686,
            0.014777090713139105,
            0.0003439844091407987,
            -0.007794514396447497,
            -0.0036436322820797605,
            -0.0243439664365329,
            -0.04354741729708851,
            0.013048351942405938,
            0.004166360759257515,
            0.026386413113229742,
            -0.008937265649691948,
            0.0035145750520459754,
            -0.02976578252377987,
            0.03216765540137458,
            -0.01047358348378905,
            -0.0017425507483003779,
            -0.013925116274533248,
            -0.004500708863442513,
            -0.007399915022886799,
            -0.014111751931585818,
            -0.010107795364867994,
            0.04540936331814668,
            -0.02593471822272601,
            -0.0009781168278244093,
            0.021478838938523807,
            -0.011617073136141775,
            -0.008177723043739323,
            -0.03148773339765258,
            0.00034262819007648156,
            -0.006541979516698269,
            0.04250515449616388,
            -0.004382608197954823,
            -0.035923297861700794,
            0.0024159599316407247,
            0.028569465652308848,
            -0.007431189662131684,
            0.0483460704058529,
            -0.009950760535542807,
            0.005845406045996858,
            -0.029184164901347735,
            0.026220018575583443,
            0.01954476742829885,
            0.02605467910682245,
            -0.011165866704588502,
            0.015126299741618929,
            -0.0017535761440613373,
            0.008280564646460296,
            0.020144822870826386,
            -0.01861938036152439,
            -1.813344732198819e-06,
            0.020976175018685532,
            0.01225848137104795,
            -0.0247697095007662,
            0.03450093204815936,
            0.04198936731137035,
            0.02659607708429592,
            0.0052737961605894825,
            -0.027053945062470438,
            0.007432229660419887,
            -0.00894536546639808,
            -0.025885556474335554,
            -0.028332501883974067,
            0.011009486987930524,
            0.04163407788917963,
            -0.01467505622858366,
            0.012247739983533741,
            -0.0005020468722290327,
            -0.0034068907121079612,
            0.029118391161898283,
            0.007423242937479029,
            0.030714819707789522,
            0.03607005953663547,
            0.016558207460489104,
            0.02848221334452624,
            0.026739085916559983,
            0.007594659302129887,
            0.0032800699702589036,
            0.01814484079716471,
            0.0011766378778849305,
            0.06366443000677353,
            0.024555121086470826,
            -0.01741481380019628,
            0.024735532498992057,
            -0.03352061033017789,
            0.01810892792975693,
            -0.019334352629509374,
            0.004160178763693826,
            -0.018557717820290094,
            0.011136933759709637,
            -0.013707057928004461,
            0.024436442731838995,
            -0.00722095038980515,
            -0.029568876403534988,
            -0.010758885219655151,
            0.003516561227632527,
            -0.04187595384884308,
            -0.010608694648894417,
            0.012237523150424071,
            -0.0357393542861084,
            0.051995722654213795,
            0.049939836045317744,
            -0.011916574751076395,
            0.011912217501269407,
            -0.006436357143637584,
            -0.025616653297598022,
            -0.028781943559728625,
            0.039786433769517265,
            -0.004600562839500272,
            -0.012333717392062358,
            -0.024143284291912828,
            0.008020679136235115,
            -0.021687048538998496,
            -0.0025831652612449824,
            0.018499094555955255,
            0.02576288757310156,
            -0.0005463185922942419,
            -0.02449093001573775,
            0.03392329517279027,
            -0.026257427089320856,
            0.03230624465816795,
            -0.010944720186070215,
            0.023778017437548295
        ],
        "imag": [
            0.0,
            -0.018863836068317118,
            0.009249037696506755,
            -0.014686788303610882,
            0.044356127496822675,
            -0.02167079901474409,
            0.014560554722796281,
            0.017774687702411435,
            0.006660805417967202,
            0.01315251049286756,
            -0.0035934085473774894,
            0.009200125968814952,
            -0.005487681549318214,
            0.0028636205084261487,
            0.013400616387647765,
            -0.024145331570058517,
            0.0011308268063583244,
            0.02919808746926506,
            0.027723294004952517,
            0.018739719590169162,
            -0.027662576325271335,
            -0.009441301931754057,
            -0.0016063648295907688,
            0.02094995550360079,
            -0.028054646819729082,
            0.004176309656964289,
            0.01288129508631664,
            -0.008933382275973914,
            0.01891925238114875,
            -0.012471390831268012,
            -0.00609697869161563,
            0.016817088613305508,
            -0.005852494046097926,
            0.005158573641037729,
            -0.037693488460623446,
            0.02324762900597788,
            0.011003777440714398,
            -0.013805591880318576,
            0.02761617642996437,
            -0.06308129557441548,
            -0.011090589435510582,
            -0.003223704403424365,
            0.01916985816774376,
            -0.0230011195547052,
            0.015648282043497122,
            -0.0004842322029040895,
            0.015538582867801697,
            0.02138600571205688,
            0.0016426524748196286,
            0.022680415521505102,
            -0.015206558093362667,
            0.02643774251499265,
            0.007378712355863432,
            0.014048363073352974,
            -0.0013028134851280587,
            0.0021138950047198102,
            0.010774468033896038,
            0.013859475696191014,
            0.02734773798511417,
            -0.017255666448455956,
            0.026481977967999063,
            -0.015911787919891774,
            0.013973676511483651,
            0.004893953031813399,
            0.007778048809319897,
            0.023394046982241453,
            0.045771332857236974,
            0.016272040351292375,
            0.023407339406100413,
            0.04728717282237661,
            0.011737487205344364,
            -0.005937674737704948,
            -0.011548365039993996,
            0.005995425138152887,
            0.031993708392886594,
            -0.005371093761876798,
            -0.012495141873485214,
            -0.0030771962407633562,
            0.048302923180942044,
            0.025122890243421982,
            -0.017729646331384897,
            0.013262331370929475,
            -0.02462504006762073,
            -0.021630144289870694,
            0.0070733313424331985,
            0.02036468602761494,
            0.022831496692009214,
            0.011820269629745007,
            0.04494811003297574,
            0.03849620106923119,
            -0.042669839926759795,
            0.0004140763557960686,
            -0.02602621650437163,
            0.004338088778120575,
            -0.012120929147763837,
            -9.322929949823189e-05,
            0.018721721316580422,
            -0.03321519740837143,
            0.01310100949033892,
            0.031062026475243053,
            -0.0009174499688479157,
            -0.017271141547676637,
            0.009892865827344553,
            0.0007402271486048804,
            0.026184470958932036,
            -0.05157270818192344,
            -0.014128557413736925,
            -0.03225203962168124,
            -0.07610465821560382,
            0.04589803877424516,
            -0.035789558161283486,
            0.0030238932564581994,
            -0.0007989231055281828,
            0.0021069425513982934,
            -0.0030246502687900304,
            0.025429752420086195,
            -0.00830223593497435,
            0.016061915037876396,
            0.02617166923597477,
            0.00354503408736302,
            -0.011401684120824875,
            0.009322473879414726,
            -0.02916330613633173,
            0.001503108334957954,
            0.023806080157705155,
            0.0011480147972367815,
            -0.011766759982405044,
            -0.01532730767534555,
            1.2742510621041045e-16,
            0.01532730767534461,
            0.0117667599824039,
            -0.0011480147972403835,
            -0.02380608015770629,
            -0.0015031083349574227,
            0.029163306136331568,
            -0.00932247387941737,
            0.011401684120826103,
            -0.0035450340873621157,
            -0.026171669235976705,
            -0.01606191503787425,
            0.008302235934974781,
            -0.025429752420085962,
            0.003024650268790724,
            -0.0021069425514008266,
            0.0007989231055281444,
            -0.0030238932564563407,
            0.03578955816128535,
            -0.04589803877424298,
            0.07610465821560862,
            0.0322520396216801,
            0.014128557413736456,
            0.051572708181922194,
            -0.026184470958931932,
            -0.0007402271486034376,
            -0.009892865827343715,
            0.017271141547676748,
            0.00091744996884772,
            -0.03106202647524262,
            -0.013101009490339878,
            0.03321519740837495,
            -0.018721721316582087,
            9.322929949507068e-05,
            0.012120929147762166,
            -0.004338088778122303,
            0.026026216504371712,
            -0.00041407635579624065,
            0.04266983992676048,
            -0.03849620106923005,
            -0.04494811003297887,
            -0.011820269629745358,
            -0.022831496692009515,
            -0.020364686027614654,
            -0.007073331342434167,
            0.02163014428987204,
            0.024625040067624365,
            -0.01326233137092852,
            0.01772964633138112,
            -0.02512289024342502,
            -0.04830292318094331,
            0.0030771962407640007,
            0.012495141873484349,
            0.005371093761877,
            -0.03199370839288741,
            -0.005995425138154665,
            0.01154836503999336,
            0.005937674737704602,
            -0.011737487205342843,
            -0.047287172822376516,
            -0.02340733940610035,
            -0.01627204035129602,
            -0.04577133285723469,
            -0.02339404698223623,
            -0.007778048809319959,
            -0.004893953031811802,
            -0.013973676511479108,
            0.01591178791989461,
            -0.026481977967997446,
            0.017255666448457944,
            -0.027347737985109935,
            -0.013859475696190391,
            -0.0107744680338961,
            -0.0021138950047180547,
            0.001302813485126395,
            -0.014048363073355932,
            -0.007378712355861893,
            -0.026437742514994575,
            0.015206558093357745,
            -0.022680415521496945,
            -0.0016426524748215437,
            -0.0213860057120629,
            -0.015538582867802464,
            0.0004842322029001299,
            -0.015648282043499127,
            0.023001119554703794,
            -0.019169858167748202,
            0.003223704403424708,
            0.011090589435511373,
            0.06308129557441476,
            -0.027616176429963737,
            0.01380559188032179,
            -0.01100377744071548,
            -0.023247629005981384,
            0.03769348846062624,
            -0.0051585736410379715,
            0.0058524940460996785,
            -0.016817088613305674,
            0.0060969786916174355,
            0.01247139083126612,
            -0.01891925238114968,
            0.008933382275976922,
            -0.012881295086318603,
            -0.004176309656974905,
            0.028054646819733183,
            -0.02094995550359478,
            0.0016063648295927047,
            0.0094413019317569,
            0.027662576325271696,
            -0.018739719590167653,
            -0.027723294004949425,
            -0.029198087469263174,
            -0.0011308268063595643,
            0.024145331570062423,
            -0.013400616387648414,
            -0.0028636205084273847,
            0.005487681549316614,
            -0.009200125968809663,
            0.0035934085473784167,
            -0.013152510492867595,
            -0.006660805417968235,
            -0.017774687702413566,
            -0.014560554722796833,
            0.021670799014743496,
            -0.044356127496821274,
            0.014686788303610088,
            -0.009249037696503742,
            0.01886383606831639
        ]
    }
}