{
    "state": {
        "real": [
            0.8685797786584297,
            0.0014091159224446177,
            0.029912671320442296,
            0.0012833702275093072,
            -0.023276901646804498,
            0.03282267583835534,
            -0.02069265347786273,
            0.023055460322830536,
            0.02145773651575275,
            -0.03261966266076377,
            0.04545791731453425,
            -0.017664660975060097,
            -0.015057233159565444,
            -0.026003014684251573,
            -0.008184097051274168,
            -0.022010391087568405,
            0.015757051473288684,
            -0.0037854832857317305,
            0.004390099021878053,
            -0.0047669256183822985,
            -0.003986177511460283,
            -0.00993137467327061,
            -0.00031624922577111697,
            0.026267156679158434,
            0.021496274042404655,
            -0.02241825033584937,
            -0.0158865365441996,
            -0.01730079365501219,
            0.01012614462287627,
            -0.000698580996079881,
            0.009511341852153733,
            0.0015194034292012261,
            0.022572812244308807,
            0.0020483674318944015,
            0.008200485603618229,
            0.036046151931619023,
            0.012411954286406608,
            0.03399114169935287,
            0.05611688908389171,
            -0.013908548145557573,
            -0.023405759955080267,
            0.022729220511781355,
            -0.03180332335846192,
            -0.014073220251608676,
            -0.04152928029711863,
            0.045345511317109274,
            -0.015223221902778446,
            -0.02819422167270784,
            -0.03304836742066194,
            -0.013165355991796317,
            -0.026376738380372165,
            0.014053536773047647,
            -0.006097861570885855,
            -0.010718697379872195,
            -0.025013393957326113,
            0.012066527937927141,
            -0.040258745609496376,
            -0.019463625211654914,
            -0.024421828736927463,
            0.01062570354919252,
            0.00691154488879753,
            0.0033222894354643577,
            0.033137682970426026,
            -0.010156882177837532,
            0.043440851645272414,
            -0.011649491382953736,
            0.035867258422144145,
            0.0005545215668946982,
            0.02113968861988096,
            0.025609952014367398,
            -0.003502287025476878,
            -0.002509659927506268,
            -0.002045644373494325,
            0.024788064574387193,
            0.008546914710568045,
            -0.004536752789056133,
            -0.03361744582957443,
            0.024042484482229166,
            0.021783086396987044,
            0.027879494552346187,
            -0.024770838606392225,
            -0.02089874114722488,
            0.037388585756727,
            -0.01587573178582454,
            0.01189622322889368,
            -0.004941395581645352,
            -0.0040748189018265605,
            0.011140229760988806,
            0.02131879107229003,
            0.07044086447400935,
            -0.03162660879259394,
            -0.016972284533897625,
            0.003834325157807534,
            0.03344439407915832,
            0.03325453305258831,
            -0.015738992040985222,
            0.004543995214660185,
            0.012491308366326994,
            -0.012001935106752824,
            0.013224700876460911,
            -0.02160229281685406,
            0.01678562215847974,
            0.01685382206517884,
            -0.03619825695341439,
            0.028033345509221277,
            -0.01692826218979436,
            -0.006366531345526322,
            0.010311333482560527,
            0.036368515824128096,
            -0.03348556642421144,
            -0.022662984437803093,
            0.03292613613018832,
            0.004656625598433012,
            0.036443022788706855,
            0.007009120428406386,
            -8.85921733364622e-05,
            -0.021266819449253113,
            -0.03220958959213069,
            0.008693580353009616,
            0.02748900501740048,
            0.013771288275543877,
            -0.023551606303777686,
            -0.00661248676442119,
            -0.010956194457297397,
            -0.014652578545377805,
            -0.010661956356324932,
            -0.01392716595823825,
            -0.009307210055837569,
            -0.018838224106714097,
            -0.009307210055836068,
            -0.01392716595823891,
            -0.010661956356325638,
            -0.014652578545377272,
            -0.010956194457299446,
            -0.0066124867644206135,
            -0.023551606303776697,
            0.013771288275541822,
            0.027489005017403315,
            0.008693580353008289,
            -0.032209589592130515,
            -0.021266819449253516,
            -8.859217333625176e-05,
            0.007009120428410741,
            0.03644302278870882,
            0.004656625598432596,
            0.03292613613018741,
            -0.022662984437803395,
            -0.03348556642421074,
            0.036368515824126084,
            0.010311333482560074,
            -0.006366531345525757,
            -0.016928262189793694,
            0.028033345509221264,
            -0.03619825695341556,
            0.016853822065179852,
            0.016785622158479334,
            -0.021602292816851807,
            0.013224700876461203,
            -0.012001935106752777,
            0.01249130836632597,
            0.004543995214662219,
            -0.01573899204098969,
            0.033254533052588985,
            0.03344439407915566,
            0.0038343251578092027,
            -0.016972284533899498,
            -0.03162660879259584,
            0.07044086447401147,
            0.021318791072289896,
            0.011140229760991468,
            -0.004074818901825454,
            -0.004941395581645709,
            0.011896223228899033,
            -0.01587573178582524,
            0.03738858575672173,
            -0.020898741147224217,
            -0.024770838606389355,
            0.02787949455234549,
            0.02178308639698609,
            0.024042484482230692,
            -0.033617445829577076,
            -0.004536752789052775,
            0.008546914710571727,
            0.02478806457438875,
            -0.0020456443734932356,
            -0.0025096599275061366,
            -0.003502287025472168,
            0.025609952014366787,
            0.021139688619881775,
            0.0005545215668950525,
            0.0358672584221485,
            -0.01164949138295202,
            0.04344085164526958,
            -0.01015688217783815,
            0.033137682970424284,
            0.003322289435459695,
            0.006911544888796018,
            0.010625703549190442,
            -0.024421828736930527,
            -0.0194636252116514,
            -0.04025874560949786,
            0.012066527937930302,
            -0.0250133939573257,
            -0.010718697379874069,
            -0.006097861570884211,
            0.014053536773049234,
            -0.02637673838036971,
            -0.013165355991795033,
            -0.03304836742065918,
            -0.02819422167270259,
            -0.015223221902778016,
            0.04534551131711094,
            -0.04152928029711926,
            -0.014073220251610076,
            -0.031803323358459465,
            0.022729220511780772,
            -0.023405759955078997,
            -0.013908548145553187,
            0.056116889083894075,
            0.03399114169935525,
            0.012411954286408006,
            0.03604615193161822,
            0.008200485603621167,
            0.0020483674318936686,
            0.022572812244307867,
            0.0015194034292012799,
            0.009511341852150799,
            -0.0006985809960738292,
            0.010126144622876407,
            -0.01730079365501237,
            -0.01588653654419937,
            -0.022418250335850102,
            0.021496274042390816,
            0.02626715667915591,
            -0.0003162492257702006,
            -0.009931374673266938,
            -0.0039861775114606686,
            -0.004766925618382376,
            0.004390099021878056,
            -0.0037854832857315964,
            0.01575705147328853,
            -0.0220103910875691,
            -0.008184097051271306,
            -0.026003014684251192,
            -0.01505723315956159,
            -0.017664660975056156,
            0.045457917314534635,
            -0.032619662660761835,
            0.021457736515753934,
            0.02305546032282996,
            -0.020692653477859115,
            0.032822675838355436,
            -0.02327690164680097,
            0.0012833702275113037,
            0.02991267132044795,
            0.0014091159224509514
        ],
        "imag": [
            0.0,
            0.009945754009594625,
            -0.007803346256117597,
            0.013748602743309987,
            0.0040476754871216075,
            -0.001551418829311784,
            0.016891513676788344,
            0.00557436385244051,
            -0.010806644072390998,
            -0.006673914646178834,
            0.03253258553117749,
            0.016308849931789673,
            0.013774190885551546,
            0.05000185852893032,
            0.00763092330908812,
            0.00430536486801594,
            0.012792193474852083,
            -0.009594870624354325,
            -0.028808605954462038,
            0.010787204882144295,
            0.0044313673510942,
            -0.008255573728635656,
            0.021546258409095582,
            -0.005409790100295718,
            0.03611856587955639,
            0.0012646609572070891,
            0.0022901911038225677,
            -0.027284346501603295,
            -0.029337837993983328,
            -0.010265321120120798,
            -0.02264466018697191,
            -0.015606488179614651,
            0.024010313486977217,
            -0.009794518521578602,
            0.008305611883607117,
            0.059008002413714324,
            -0.025029035466474395,
            0.016721762187850465,
            -0.02203312622539558,
            -0.02568570664112493,
            -0.01531195350817978,
            -0.004243165813413523,
            0.024853215740697068,
            -0.005683333219613331,
            -0.0074032344905947305,
            -0.03426926276335222,
            -0.005818861114296266,
            -0.021749302300381208,
            0.032282450964163954,
            0.021952559608008886,
            -0.05044319565093436,
            0.007937291792194883,
            0.012471605904817487,
            0.009174562071397628,
            -0.002452852939259789,
            0.03742294364196639,
            0.01611178348963849,
            0.0026399065529010717,
            0.019714125850691995,
            -0.0038645494207995073,
            0.009520275858085004,
            0.031237504974829366,
            0.0006238508346653314,
            0.010935098914278804,
            0.0348333704216043,
            0.04653765320487682,
            -0.0027064469686576315,
            -0.03020023252202859,
            -0.03350354605036456,
            0.006669810995219362,
            0.01864053854919469,
            0.006692564864838156,
            -0.025330313518473747,
            0.0023739051621911957,
            0.012581312485547667,
            0.005596560147623407,
            -0.0043859980077480785,
            0.04149661665838119,
            0.025805484270931565,
            0.003811690435995776,
            -0.0003010811005189876,
            0.01004854649233085,
            -0.0015465575092232968,
            0.023244935189739465,
            -0.02180483377079811,
            -0.015994512983422932,
            0.007386229224176771,
            0.023883571228113912,
            -0.029290457943553932,
            -0.0033672558190768823,
            0.013135274498751175,
            0.025807464696373707,
            -0.011068190842785965,
            0.01655954701592309,
            0.0294168473768171,
            0.0532556384378256,
            0.009073681636727624,
            0.045517697501490456,
            0.03185347592362457,
            0.020398123212498537,
            -0.0021668602692554136,
            -0.0026554046773904993,
            -0.003218488013882026,
            0.001378566123555102,
            0.014129904644683824,
            -0.019646245410446753,
            0.033985994603217336,
            -0.01755998546398889,
            0.007840840142020016,
            0.0021597373320783003,
            0.018791161564721267,
            -0.014013828539695815,
            0.011821762953003944,
            -0.025081288098367613,
            -0.013365881552206853,
            0.014380280164782952,
            -0.01993026942601013,
            0.014680701010598636,
            0.04061368485420008,
            0.017802933927393308,
            -0.00027815230525201696,
            0.004595929444626322,
            -0.0034016047018174617,
            0.026026602936602413,
            -0.015075355484120966,
            0.002828297610588427,
            0.028035191533013624,
            -0.030695983336341447,
            2.1789716248155219e-16,
            0.030695983336340722,
            -0.02803519153301407,
            -0.0028282976105884414,
            0.015075355484120357,
            -0.026026602936601816,
            0.003401604701818644,
            -0.004595929444625264,
            0.0002781523052530305,
            -0.01780293392739255,
            -0.040613684854202074,
            -0.014680701010596974,
            0.01993026942601061,
            -0.014380280164781765,
            0.013365881552207158,
            0.025081288098362846,
            -0.011821762953007247,
            0.014013828539694064,
            -0.01879116156472115,
            -0.002159737332077183,
            -0.00784084014202102,
            0.01755998546398816,
            -0.033985994603216454,
            0.019646245410447783,
            -0.014129904644684166,
            -0.0013785661235534439,
            0.003218488013880809,
            0.002655404677391583,
            0.002166860269257092,
            -0.020398123212500813,
            -0.03185347592362703,
            -0.04551769750148997,
            -0.009073681636729244,
            -0.053255638437830356,
            -0.029416847376818926,
            -0.016559547015922896,
            0.011068190842788058,
            -0.02580746469637458,
            -0.01313527449874849,
            0.003367255819080259,
            0.029290457943553866,
            -0.023883571228113503,
            -0.00738622922417677,
            0.015994512983424792,
            0.02180483377079653,
            -0.023244935189739795,
            0.001546557509227386,
            -0.010048546492329124,
            0.00030108110051948567,
            -0.003811690436000179,
            -0.025805484270932606,
            -0.04149661665838203,
            0.004385998007748471,
            -0.005596560147621243,
            -0.012581312485547842,
            -0.0023739051621944783,
            0.02533031351847432,
            -0.006692564864838609,
            -0.018640538549193533,
            -0.006669810995220053,
            0.03350354605036558,
            0.03020023252202627,
            0.0027064469686552887,
            -0.0465376532048765,
            -0.03483337042160676,
            -0.010935098914279533,
            -0.0006238508346647453,
            -0.031237504974826833,
            -0.009520275858083144,
            0.0038645494208024104,
            -0.019714125850688515,
            -0.002639906552900046,
            -0.016111783489636027,
            -0.03742294364196467,
            0.002452852939259632,
            -0.009174562071398353,
            -0.01247160590481526,
            -0.007937291792193938,
            0.05044319565093163,
            -0.021952559608004032,
            -0.0322824509641606,
            0.021749302300377867,
            0.005818861114294138,
            0.03426926276334945,
            0.007403234490595534,
            0.005683333219615922,
            -0.02485321574069924,
            0.004243165813412277,
            0.01531195350818113,
            0.025685706641125797,
            0.022033126225393683,
            -0.016721762187850053,
            0.025029035466471918,
            -0.059008002413719035,
            -0.00830561188360505,
            0.00979451852157689,
            -0.02401031348697967,
            0.015606488179611805,
            0.022644660186971307,
            0.010265321120117247,
            0.029337837993981798,
            0.02728434650160434,
            -0.002290191103822485,
            -0.0012646609572151836,
            -0.03611856587955288,
            0.005409790100303764,
            -0.02154625840909191,
            0.008255573728636351,
            -0.0044313673510948315,
            -0.010787204882144878,
            0.028808605954462267,
            0.009594870624353524,
            -0.012792193474851579,
            -0.004305364868010622,
            -0.00763092330908768,
            -0.05000185852892931,
            -0.013774190885550808,
            -0.016308849931788133,
            -0.032532585531176474,
            0.00667391464618017,
            0.010806644072390644,
            -0.005574363852440394,
            -0.016891513676787838,
            0.0015514188293119723,
            -0.004047675487120188,
            -0.013748602743311135,
            0.0078033462561159905,
            -0.009945754009594637
        ]
    }
}