{
    "state": {
        "real": [
            0.8766395354854235,
            -0.01635965346789295,
            -0.01201867780834212,
            0.021513878255735898,
            0.03989814482578493,
            -0.013456664098918969,
            0.03162533257519194,
            0.008995026275089052,
            -0.030220923819740116,
            0.038572842390409,
            0.024698215012133342,
            0.024031034167218638,
            -0.014119875088847742,
            0.035802672686273504,
            0.00708235501327098,
            -0.01437123735746696,
            0.03714155105199365,
            -0.003918920956895447,
            -0.015386200826717718,
            -0.009888363081302785,
            -0.017139850797765026,
            0.009757175608476358,
            0.003310267742610962,
            0.028661828552952726,
            -0.02954725597722465,
            0.0007326817419211792,
            0.003671777657681653,
            -0.009983133017528553,
            -0.010391148658680275,
            -0.004854188522058141,
            0.0064500747613473195,
            -0.0035268633757540935,
            0.02397781947031456,
            0.03287400166687765,
            -0.007790301469739672,
            -0.016167483860129186,
            -0.01510707495648445,
            0.011516378509654562,
            -0.024153396657963712,
            -0.01030196490539508,
            0.016119384567871854,
            0.009664466995260152,
            0.00976348919459083,
            0.051858709247468035,
            0.007863088586705726,
            0.035548231415464496,
            0.03461947130141987,
            0.017690456979912412,
            0.0029668641363851146,
            -0.026633294874845198,
            0.04592678476785872,
            -0.009629840341084162,
            -0.006496717837713951,
            0.016006991310374856,
            -0.010531877416411106,
            -0.009329162757200998,
            0.013950566977388565,
            -0.048794867872831375,
            -0.0023006983682534593,
            0.004769561994907594,
            -0.001155829115999595,
            -0.020476965022358965,
            -0.005787907553622368,
            -0.023458048861393493,
            0.01336667817445341,
            0.0016673025962328579,
            0.036098345879271104,
            -0.030476214521790432,
            0.00627168139376406,
            -0.041254798302259504,
            0.019428182646667784,
            0.006725827830674895,
            -0.028558323353613524,
            0.0015423732322354796,
            0.031353963345620586,
            -0.04702995647418306,
            0.042641510952090754,
            0.0459892851858954,
            0.024677604371172696,
            -0.01626903378195871,
            -0.0135856953206131,
            0.05239446206515644,
            0.011916383774703661,
            0.018975099374267917,
            0.01352183809955291,
            0.011136103538284033,
            -0.014657934977146672,
            -0.029156840175651236,
            -0.016967881021570794,
            0.022654894004104094,
            -0.0055041632921894665,
            -0.003883983988834983,
            0.00283920652658979,
            0.021998869249687206,
            -0.027377946597983253,
            -0.007176582577743161,
            0.010582232678280502,
            -0.01609464502952892,
            0.004788607261008868,
            -0.00533389283281043,
            0.010078687253481277,
            0.012141162231697849,
            -0.03170662765322822,
            -0.023375464683279105,
            0.03349155043523092,
            0.007629279480151205,
            0.011065032314522653,
            0.005474134542407526,
            -0.010589540081960207,
            0.005207428488456351,
            -0.03295510017895743,
            -0.0038685779448188237,
            -0.007707271180517422,
            -0.021904480384769505,
            0.005162910428870727,
            -0.028426509069609814,
            -0.019945144255192913,
            -0.008326817759894705,
            -0.0034222744407039303,
            0.01855466901822336,
            0.008710471889675428,
            -0.03241674868094398,
            0.012190837089515398,
            0.00956897684719703,
            0.018598930859225187,
            -0.004046403913272526,
            -0.026496410170314948,
            -0.01778630325068808,
            -0.023383097941597444,
            -0.017786303250686548,
            -0.026496410170315433,
            -0.004046403913271374,
            0.018598930859225243,
            0.009568976847198086,
            0.012190837089514557,
            -0.032416748680943276,
            0.008710471889671808,
            0.01855466901822352,
            -0.003422274440703253,
            -0.008326817759896049,
            -0.019945144255197594,
            -0.028426509069607375,
            0.005162910428872179,
            -0.021904480384771597,
            -0.007707271180515384,
            -0.0038685779448212614,
            -0.03295510017895627,
            0.005207428488457229,
            -0.01058954008196052,
            0.00547413454241078,
            0.011065032314522334,
            0.007629279480150697,
            0.033491550435230215,
            -0.023375464683280424,
            -0.031706627653228396,
            0.012141162231697773,
            0.01007868725348162,
            -0.005333892832809405,
            0.004788607261010607,
            -0.016094645029530487,
            0.010582232678284058,
            -0.007176582577747025,
            -0.02737794659798314,
            0.02199886924969013,
            0.0028392065265924575,
            -0.003883983988834665,
            -0.005504163292187206,
            0.0226548940041071,
            -0.01696788102157094,
            -0.029156840175647375,
            -0.014657934977145657,
            0.011136103538283619,
            0.013521838099556201,
            0.018975099374269055,
            0.011916383774700714,
            0.052394462065158215,
            -0.01358569532061142,
            -0.016269033781959357,
            0.024677604371173466,
            0.04598928518589852,
            0.04264151095208794,
            -0.047029956474182545,
            0.031353963345620794,
            0.0015423732322375654,
            -0.028558323353615293,
            0.00672582783067242,
            0.019428182646667427,
            -0.041254798302263855,
            0.006271681393765728,
            -0.030476214521791042,
            0.03609834587927335,
            0.001667302596234658,
            0.013366678174450697,
            -0.023458048861393604,
            -0.0057879075536196615,
            -0.020476965022358736,
            -0.0011558291159984094,
            0.004769561994908616,
            -0.0023006983682558506,
            -0.04879486787283172,
            0.013950566977389823,
            -0.009329162757199411,
            -0.010531877416410236,
            0.01600699131037619,
            -0.00649671783770816,
            -0.009629840341079778,
            0.045926784767859836,
            -0.026633294874840945,
            0.0029668641363902065,
            0.017690456979918192,
            0.03461947130141943,
            0.03554823141546751,
            0.007863088586702364,
            0.05185870924746611,
            0.00976348919459373,
            0.009664466995257224,
            0.016119384567873304,
            -0.010301964905392725,
            -0.024153396657961637,
            0.011516378509656436,
            -0.015107074956483823,
            -0.016167483860129325,
            -0.007790301469739002,
            0.032874001666875936,
            0.023977819470314535,
            -0.003526863375756541,
            0.006450074761343321,
            -0.004854188522055319,
            -0.01039114865868209,
            -0.009983133017531773,
            0.0036717776576870582,
            0.0007326817419209151,
            -0.029547255977235176,
            0.028661828552952965,
            0.003310267742612557,
            0.009757175608476254,
            -0.017139850797763506,
            -0.00988836308129928,
            -0.01538620082671557,
            -0.003918920956893988,
            0.037141551051996964,
            -0.014371237357467443,
            0.007082355013273108,
            0.03580267268627364,
            -0.014119875088845268,
            0.024031034167219315,
            0.024698215012134376,
            0.03857284239040995,
            -0.03022092381974017,
            0.008995026275089666,
            0.03162533257519602,
            -0.013456664098918162,
            0.03989814482578841,
            0.02151387825573762,
            -0.01201867780834201,
            -0.01635965346788567
        ],
        "imag": [
            0.0,
            0.006587867862838403,
            0.020788366076519585,
            -0.025648939355945324,
            0.0075694963192742114,
            0.007706888033589142,
            0.027797597885621268,
            0.009834074187962892,
            0.007849052773201139,
            0.0034063889854240577,
            -0.011496558891742593,
            -0.003796644178513266,
            -0.0003477727103856701,
            0.011138338755168327,
            -0.02149424182370231,
            0.0013498220994124692,
            -0.0016310847508950216,
            0.039361640694734044,
            -0.014605544471155986,
            0.026970298385906966,
            0.017631290297044813,
            0.008351545794352717,
            0.007255217157570826,
            0.01881158291459435,
            -0.01783407636042517,
            -0.026605116056348257,
            -0.030650537710676214,
            0.02201606635435738,
            0.014266470253781163,
            0.03350661565720257,
            4.7488884014639746e-05,
            0.014773823433459515,
            0.023545817975021928,
            0.06548085361394282,
            0.016705778497874593,
            -0.03240198213926658,
            -0.0036405545808319987,
            -0.006675862341425193,
            -0.009043718116489873,
            -0.0017878978764201267,
            -0.010308341424114516,
            0.04721073462022481,
            -0.026016944371208862,
            -0.019018967510025013,
            0.0060018509680481984,
            0.002323893266592867,
            0.018644535430578018,
            -0.02722083023681321,
            -0.021124662088887337,
            0.0414903109299106,
            -0.01717587996704091,
            -0.0034252832155364883,
            -0.040679497493581206,
            -0.0016873222053070645,
            -0.004547383419759625,
            0.014225154392185673,
            -0.01984078193645716,
            -0.007451326509145942,
            0.022247074540565286,
            -0.0120943378508686,
            0.017507416265704397,
            0.0007006815241469982,
            -0.003098829147409035,
            -0.009619422290396345,
            0.01555125146217252,
            -0.002546706005001529,
            0.01639985963470114,
            -0.00368757386290945,
            -0.013166340570436991,
            0.07113679565942738,
            -0.004687079049698702,
            -0.021782668856929574,
            -0.014196295516582805,
            -0.010729257688548065,
            -0.0024320255196810846,
            -0.00979089704636952,
            -0.013389153469598038,
            -0.0301804450721407,
            0.032602029671348294,
            -0.006126355813460995,
            0.006359838410944791,
            0.020056481476034616,
            0.024355308813876993,
            -0.006028516005004559,
            -0.03771949586194635,
            0.03556246073215925,
            0.0017708042872464445,
            0.007647348470412704,
            -0.01139979663772878,
            -0.019334630759842195,
            -0.024730649222561036,
            0.01621637689104215,
            -0.03996410409407055,
            -0.009364064381685529,
            0.0034935159870542127,
            0.010667452206648149,
            0.015457243463294666,
            0.034375289625396696,
            -0.03871206742387606,
            0.009207221993054958,
            0.0017639266636686156,
            0.00939156180471069,
            0.014777651126250397,
            0.015330242687561198,
            0.017887846536774474,
            -0.015140230664634975,
            -0.01533828733691742,
            -0.04601550058516231,
            -0.02053863381238525,
            -0.0027476899518462943,
            0.005508159192834277,
            0.02351217000038465,
            -0.04312034261036223,
            0.025096374903823108,
            -0.026654568771246133,
            -0.015567068620572371,
            -0.023434491567856135,
            0.009222207648468532,
            -0.0019002857271737486,
            0.0011603432685375985,
            0.031375353729306256,
            -0.002056868035599123,
            -0.016638392343828905,
            -0.008529188877468778,
            -0.0073498889895241845,
            -0.01347080843335844,
            0.001795978199673237,
            -0.017762479644201714,
            3.966373962452797e-16,
            0.017762479644201704,
            -0.0017959781996717725,
            0.013470808433355642,
            0.007349888989522638,
            0.0085291888774686,
            0.016638392343827815,
            0.0020568680355985713,
            -0.03137535372930532,
            -0.0011603432685369482,
            0.0019002857271720013,
            -0.009222207648468575,
            0.023434491567856923,
            0.01556706862057504,
            0.026654568771246584,
            -0.025096374903825214,
            0.04312034261036208,
            -0.02351217000038415,
            -0.005508159192831454,
            0.002747689951847581,
            0.020538633812386266,
            0.04601550058516148,
            0.015338287336914891,
            0.015140230664635417,
            -0.01788784653677421,
            -0.015330242687559816,
            -0.014777651126247435,
            -0.009391561804709741,
            -0.001763926663665444,
            -0.009207221993053363,
            0.03871206742387316,
            -0.03437528962539151,
            -0.015457243463295944,
            -0.010667452206651464,
            -0.0034935159870532863,
            0.009364064381687567,
            0.03996410409407009,
            -0.016216376891043632,
            0.02473064922256118,
            0.019334630759842965,
            0.011399796637728315,
            -0.007647348470412187,
            -0.0017708042872471288,
            -0.035562460732159094,
            0.0377194958619446,
            0.006028516005004666,
            -0.02435530881387304,
            -0.020056481476036205,
            -0.006359838410948514,
            0.006126355813457712,
            -0.03260202967135022,
            0.030180445072139607,
            0.013389153469595232,
            0.009790897046372371,
            0.0024320255196808196,
            0.010729257688546533,
            0.014196295516580991,
            0.021782668856929546,
            0.004687079049697323,
            -0.07113679565942375,
            0.013166340570440981,
            0.0036875738629075392,
            -0.01639985963470237,
            0.002546706005004058,
            -0.015551251462174039,
            0.009619422290399825,
            0.003098829147413153,
            -0.0007006815241443866,
            -0.017507416265701434,
            0.012094337850870024,
            -0.022247074540563055,
            0.007451326509148217,
            0.019840781936456595,
            -0.014225154392182453,
            0.004547383419760729,
            0.0016873222053068512,
            0.04067949749358317,
            0.0034252832155335857,
            0.017175879967035155,
            -0.041490310929905905,
            0.02112466208888811,
            0.02722083023680796,
            -0.01864453543057974,
            -0.0023238932665975423,
            -0.00600185096805122,
            0.019018967510025558,
            0.02601694437120516,
            -0.04721073462022576,
            0.010308341424116534,
            0.0017878978764191032,
            0.009043718116491017,
            0.006675862341424697,
            0.003640554580834757,
            0.03240198213926317,
            -0.016705778497874607,
            -0.06548085361394437,
            -0.023545817975020842,
            -0.014773823433461654,
            -4.7488884014955466e-05,
            -0.03350661565720574,
            -0.01426647025378184,
            -0.022016066354354474,
            0.030650537710677963,
            0.026605116056338383,
            0.01783407636043212,
            -0.018811582914587607,
            -0.007255217157567936,
            -0.008351545794350813,
            -0.017631290297041496,
            -0.0269702983859059,
            0.01460554447115717,
            -0.039361640694734606,
            0.0016310847508947013,
            -0.0013498220994082565,
            0.02149424182370419,
            -0.011138338755170096,
            0.0003477727103833577,
            0.0037966441785152955,
            0.01149655889174499,
            -0.0034063889854261745,
            -0.007849052773200223,
            -0.00983407418796205,
            -0.027797597885623623,
            -0.007706888033591241,
            -0.007569496319276617,
            0.025648939355944225,
            -0.020788366076517684,
            -0.0065878678628344435
        ]
    }
}