{
    "state": {
        "real": [
            0.8629832371464927,
            0.022161926967816572,
            0.027767463829088082,
            -0.03841016339727109,
            -0.018357710396789642,
            0.002940705033816836,
            0.029154987355409712,
            0.006288398665591754,
            0.006307033254527697,
            0.016149491651301924,
            0.016572070655944397,
            0.00010533291268088277,
            -0.013961391456090266,
            -0.003820020654022453,
            0.00679384045486441,
            0.03378492019718271,
            0.03822129915360063,
            -0.009796312429088048,
            0.0006315529323990612,
            0.012890864697340607,
            0.024777792123964686,
            -0.03188415388058922,
            -0.05354114734960299,
            0.019789691437385824,
            0.014938429757400801,
            0.010405418074226833,
            0.023474416952285613,
            -0.02859929280352288,
            0.005775233165968795,
            -8.998927322074676e-06,
            0.051440839572189444,
            -0.009283681397042014,
            0.043907011687648434,
            -0.016499677036459937,
            0.04413642480783881,
            -0.0232871982523058,
            0.01039673927480349,
            -0.01390143859966268,
            -0.004394679420221797,
            -0.029651696031710268,
            3.0037628198782175e-05,
            0.010532889958793305,
            -0.006671647210846369,
            -0.008303349556403126,
            0.03375199168311021,
            -0.007555356912646688,
            -0.01621465563564182,
            0.03171974152371207,
            -0.006429619346152058,
            -0.0090331596739432,
            -0.013431451575617604,
            0.0002723972372815173,
            0.006949546274368543,
            0.007152976230888472,
            -0.025841259473815752,
            -0.012399114204969055,
            0.01090850975481511,
            -0.04397913762101637,
            -0.019537913179051628,
            -0.038021956989122536,
            0.016976129837169462,
            0.005579563853351131,
            0.01916833998353749,
            -0.05165014195700174,
            -0.002424128787883939,
            0.01664348097041175,
            -0.0059485129703662955,
            -0.006884861493827954,
            0.0031942404443222397,
            0.006983056449788673,
            -0.011601273149068985,
            0.030354626155090773,
            -0.006307846596111386,
            -0.042624687817394945,
            -0.010554698213937229,
            0.025096447108010914,
            0.02265908199014036,
            0.01702447530062605,
            -0.0200053618270258,
            0.03179353011061721,
            -0.003102286825044845,
            0.015183005638381236,
            -0.0021057904866678837,
            -0.009166145714009758,
            0.01216332637106635,
            0.016829618223702943,
            0.010806088323073545,
            0.06145941889196181,
            0.03710056760688794,
            -0.02917463867430086,
            0.016387179464281643,
            0.01698568092254998,
            0.0036102158758685413,
            -0.015964733094860697,
            -0.0024211764233271504,
            -0.014214944003355438,
            -0.03908258247172269,
            -0.018200609275898956,
            0.0001974305350021157,
            0.01989309692948019,
            -0.023383155959817166,
            -0.028743431650645555,
            -0.04266378821985927,
            0.0020105115949363463,
            0.001774209087784309,
            0.03294786646885532,
            -0.007244823904548697,
            0.0037778846367166304,
            -0.00969349596407514,
            -0.040156358750080896,
            0.02001360824758013,
            -0.008975751946279786,
            -0.01894677536442102,
            0.04659300029176417,
            0.011766459327242585,
            -0.03159956305041869,
            0.020823537470595312,
            0.01227283570305239,
            -0.02147176595973797,
            -0.0028577483608156935,
            0.0022741220271596174,
            -0.0042749372385436375,
            -0.002048758662830449,
            -0.0046385380535649565,
            -0.008843039724068554,
            -0.02578496068069714,
            0.010933667314392527,
            0.016185192224663553,
            -0.04806461388926686,
            0.016185192224663927,
            0.010933667314392447,
            -0.02578496068069765,
            -0.008843039724069046,
            -0.00463853805356515,
            -0.002048758662830808,
            -0.004274937238542396,
            0.0022741220271551184,
            -0.0028577483608126313,
            -0.021471765959737876,
            0.012272835703050804,
            0.02082353747059429,
            -0.03159956305041874,
            0.011766459327242913,
            0.04659300029176512,
            -0.01894677536442238,
            -0.008975751946281035,
            0.020013608247581298,
            -0.0401563587500804,
            -0.009693495964076884,
            0.0037778846367196098,
            -0.007244823904547364,
            0.03294786646885488,
            0.0017742090877836073,
            0.0020105115949349086,
            -0.04266378821985897,
            -0.02874343165064576,
            -0.023383155959816285,
            0.019893096929480932,
            0.00019743053500451222,
            -0.018200609275900493,
            -0.039082582471719,
            -0.014214944003358217,
            -0.002421176423324805,
            -0.015964733094859105,
            0.0036102158758709742,
            0.01698568092255125,
            0.01638717946427971,
            -0.029174638674296517,
            0.03710056760688803,
            0.061459418891963644,
            0.01080608832307322,
            0.01682961822370304,
            0.012163326371066487,
            -0.009166145714011111,
            -0.0021057904866713076,
            0.015183005638383155,
            -0.003102286825044065,
            0.031793530110616586,
            -0.0200053618270263,
            0.017024475300627492,
            0.022659081990135777,
            0.025096447108010615,
            -0.01055469821393594,
            -0.0426246878173917,
            -0.006307846596112309,
            0.030354626155086713,
            -0.01160127314906631,
            0.0069830564497858905,
            0.0031942404443215206,
            -0.00688486149382633,
            -0.005948512970360582,
            0.01664348097041029,
            -0.0024241287878856324,
            -0.051650141956997506,
            0.019168339983540585,
            0.005579563853347743,
            0.016976129837169996,
            -0.03802195698912617,
            -0.019537913179054085,
            -0.04397913762101479,
            0.010908509754813049,
            -0.012399114204967702,
            -0.025841259473816217,
            0.0071529762308898855,
            0.006949546274371476,
            0.00027239723728507306,
            -0.013431451575616135,
            -0.009033159673937027,
            -0.006429619346147481,
            0.031719741523717974,
            -0.016214655635643123,
            -0.007555356912644421,
            0.03375199168311103,
            -0.008303349556407751,
            -0.006671647210844385,
            0.010532889958791671,
            3.0037628196976328e-05,
            -0.02965169603171075,
            -0.004394679420220484,
            -0.013901438599659451,
            0.01039673927480125,
            -0.023287198252306015,
            0.04413642480784166,
            -0.016499677036460884,
            0.04390701168764958,
            -0.009283681397040219,
            0.05144083957218571,
            -8.99892731676729e-06,
            0.005775233165966939,
            -0.028599292803524766,
            0.023474416952285856,
            0.010405418074226642,
            0.014938429757389772,
            0.019789691437382646,
            -0.05354114734960223,
            -0.031884153880589176,
            0.024777792123967288,
            0.012890864697347215,
            0.000631552932400286,
            -0.009796312429085633,
            0.03822129915360214,
            0.03378492019718126,
            0.006793840454861954,
            -0.003820020654024354,
            -0.013961391456088306,
            0.00010533291268171718,
            0.01657207065594578,
            0.01614949165130275,
            0.006307033254528372,
            0.006288398665591839,
            0.029154987355413123,
            0.002940705033817892,
            -0.018357710396784927,
            -0.03841016339726659,
            0.027767463829092266,
            0.02216192696782592
        ],
        "imag": [
            0.0,
            0.014786173834971559,
            0.04879757408811642,
            0.007243046445077119,
            -0.030814796141755325,
            -0.014125379467581791,
            0.022244396406379433,
            -4.800776880202083e-05,
            -0.009569502046542309,
            0.006316096988214187,
            -0.0034305231251802815,
            0.005266914327944511,
            -0.00907751146795366,
            -0.03286586450890823,
            0.015268274346804115,
            0.027067460433287255,
            -0.010316914122065906,
            0.001129761554533387,
            0.0021425815283864615,
            -0.01600559840874136,
            -0.025916810910746397,
            0.05547858939221265,
            -0.020978168576369645,
            0.05399770251957611,
            -0.03176651049235435,
            -0.017149666484198016,
            0.0016012376398333735,
            -0.024560461566426633,
            0.008819983871605284,
            0.03115724933925132,
            -0.0042700828706748,
            0.009879391321461213,
            0.004823139062417453,
            0.03325480851186253,
            -0.027471758263259857,
            0.007115662175772053,
            0.01771162094465048,
            -0.008137229000250651,
            0.0041372609263077295,
            0.02226049603749844,
            0.036810615818963624,
            0.03725339604205272,
            -0.012768975349364813,
            0.009980887744470987,
            -0.0013469119696042178,
            -0.015459297185544434,
            0.012349592983980813,
            -0.03606943857706396,
            -0.008747307851770275,
            0.005179346868614398,
            -0.0018916644987799084,
            -0.030360637293555138,
            0.07585633372496914,
            0.007533140201706851,
            0.011282539578392313,
            -0.0055033204208781205,
            0.020791935452557045,
            -0.0033305341052682503,
            0.015838683559980374,
            0.01922941451062554,
            0.024676516210731504,
            0.029384669855719116,
            -0.00971719841429856,
            -0.01566706495598644,
            0.0011362338992922816,
            0.0013721042069262772,
            -0.020473804971230993,
            -0.02062168013396109,
            -0.004399617122489702,
            0.023558675772053318,
            -0.02040782387458185,
            0.01724429665034437,
            -0.02367778119634346,
            -0.003583247055256346,
            -0.02068502698807914,
            -0.03462030487471683,
            0.04703572012106608,
            -0.04906550266505344,
            -0.008708702024210403,
            0.0049839146379597405,
            0.00441758650307162,
            0.02488682841026043,
            -0.04587152065795217,
            0.034986724228722836,
            -0.008323542755549251,
            -0.015564223582449565,
            -0.010452186989129409,
            -0.008075961793389645,
            0.011277181375266399,
            0.006049629367317115,
            0.01590756842022182,
            -0.03652580894176628,
            0.004395016986879625,
            -0.00574945233193814,
            -0.005533326769521106,
            -0.02248585511576563,
            -0.0018914265228249239,
            -0.02538475714798957,
            0.0028053225848988666,
            0.007942837689641213,
            0.005386554259654802,
            0.0077973500884349345,
            0.01805004528963197,
            0.03916254455464118,
            -0.005897618991359772,
            -0.008606955705026488,
            -0.017063061092901323,
            -0.04240984347260346,
            -0.005236861665948165,
            0.0009463342672758231,
            -0.00790187559800274,
            -0.011175473240030133,
            -0.009279890486610117,
            -0.022480340859871554,
            0.007618550057745158,
            0.009651340629462424,
            -0.0011690142460545805,
            0.032155178763330385,
            -0.00021092242675070346,
            -0.03852364014133715,
            0.031463620118845285,
            -0.014371029751142132,
            0.027072432572810678,
            0.01230683562475813,
            -0.005282258434658972,
            0.05025234173226086,
            -0.004112178781421632,
            0.011335833379630237,
            2.2411438696690013e-16,
            -0.011335833379630376,
            0.004112178781420974,
            -0.050252341732261334,
            0.005282258434659028,
            -0.012306835624758136,
            -0.027072432572810327,
            0.014371029751141002,
            -0.03146362011884345,
            0.038523640141337565,
            0.00021092242674884448,
            -0.032155178763330156,
            0.001169014246055698,
            -0.009651340629462522,
            -0.007618550057744102,
            0.02248034085986784,
            0.00927989048661111,
            0.011175473240030933,
            0.007901875598002353,
            -0.0009463342672729686,
            0.005236861665949328,
            0.04240984347260581,
            0.017063061092900206,
            0.008606955705025789,
            0.005897618991360157,
            -0.03916254455464015,
            -0.018050045289629495,
            -0.007797350088434726,
            -0.005386554259652067,
            -0.007942837689643439,
            -0.0028053225848980482,
            0.025384757147994683,
            0.0018914265228247781,
            0.022485855115762326,
            0.005533326769522224,
            0.005749452331939152,
            -0.004395016986881514,
            0.0365258089417641,
            -0.01590756842022167,
            -0.00604962936731456,
            -0.01127718137526838,
            0.00807596179338774,
            0.01045218698912897,
            0.015564223582449884,
            0.008323542755547917,
            -0.034986724228719276,
            0.0458715206579551,
            -0.02488682841025924,
            -0.0044175865030741165,
            -0.004983914637966564,
            0.008708702024210653,
            0.04906550266505018,
            -0.047035720121064585,
            0.03462030487471903,
            0.020685026988079006,
            0.0035832470552583564,
            0.02367778119634265,
            -0.017244296650344403,
            0.020407823874582,
            -0.023558675772052503,
            0.004399617122492871,
            0.020621680133962282,
            0.020473804971227957,
            -0.0013721042069232024,
            -0.001136233899291462,
            0.015667064955988234,
            0.00971719841429904,
            -0.029384669855717707,
            -0.024676516210730914,
            -0.019229414510624328,
            -0.0158386835599775,
            0.0033305341052687356,
            -0.02079193545255824,
            0.005503320420879761,
            -0.011282539578390899,
            -0.007533140201705966,
            -0.07585633372496929,
            0.03036063729355508,
            0.0018916644987773323,
            -0.005179346868609371,
            0.008747307851771701,
            0.036069438577059625,
            -0.012349592983981916,
            0.015459297185543616,
            0.0013469119695975456,
            -0.009980887744469213,
            0.012768975349363788,
            -0.03725339604205423,
            -0.03681061581896439,
            -0.022260496037495588,
            -0.004137260926303959,
            0.00813722900025023,
            -0.017711620944651476,
            -0.007115662175774149,
            0.027471758263260183,
            -0.03325480851186322,
            -0.0048231390624216015,
            -0.009879391321461335,
            0.004270082870671696,
            -0.03115724933925403,
            -0.008819983871609108,
            0.024560461566428018,
            -0.001601237639832925,
            0.017149666484188843,
            0.03176651049235756,
            -0.05399770251956789,
            0.02097816857637545,
            -0.055478589392208934,
            0.02591681091074697,
            0.01600559840874138,
            -0.0021425815283869078,
            -0.0011297615545352126,
            0.010316914122065353,
            -0.027067460433286637,
            -0.015268274346801926,
            0.03286586450891241,
            0.009077511467951967,
            -0.005266914327943096,
            0.0034305231251830844,
            -0.006316096988213685,
            0.009569502046543608,
            4.800776880267037e-05,
            -0.02224439640637914,
            0.014125379467580234,
            0.03081479614175623,
            -0.007243046445077618,
            -0.0487975740881179,
            -0.014786173834972603
        ]
    }
}