{
    "state": {
        "real": [
            0.863892363687395,
            -0.007108017417911012,
            0.023206891624534813,
            -0.03207837680714662,
            -0.0145136762237155,
            -0.012229183434133458,
            0.04080931248553348,
            0.029276274598101216,
            -0.03768964535097876,
            0.008517779353964961,
            0.004129438397149522,
            0.0020529891433331646,
            0.0070791938373337355,
            0.017073321164028096,
            -0.01005864350543868,
            0.041858608945892,
            -0.016338136382303043,
            -0.01593890616245125,
            0.0031660908584845004,
            -0.007578350639193857,
            0.027198809923958546,
            -0.024115568094589864,
            0.01761984779541515,
            -0.008765231770029048,
            0.027082847859694555,
            -0.004685805791969809,
            -0.014237307337417326,
            0.00828063410259142,
            0.01919701644477756,
            -0.02686333860315266,
            0.028437804263880113,
            0.001305451751510908,
            -0.0047689800029588085,
            0.02836796820502875,
            0.042913238140364504,
            -0.004405141480925094,
            0.014101876865628304,
            -0.015372161453246987,
            0.014549469596417876,
            -0.022378028536740778,
            0.0010748294445774686,
            -0.011845691466229344,
            0.02130495675012302,
            0.0034577743896801816,
            -0.03374253267650324,
            0.008859854237215884,
            -0.007491924436200369,
            -0.07901787088658148,
            0.012675269643704856,
            -0.041451318412869885,
            -0.004343166441091751,
            0.02031186375013784,
            -0.003363716087530457,
            -0.00017094528988043642,
            0.018232300273957273,
            0.000375629935986234,
            -8.107228406968651e-05,
            -0.022837841134213478,
            -0.03311611588497787,
            -0.024096361631295183,
            0.007697774667250065,
            -0.02933554163156278,
            0.0013538006247837463,
            0.0011715015181694534,
            -0.026722825677134722,
            0.00329270294645659,
            0.020392117436347196,
            -0.018271458712266757,
            0.014294154330732717,
            -0.012959655447097701,
            -0.012057351892578966,
            -0.07026945305542222,
            -0.03299282923736649,
            -0.0013032375739004422,
            0.022247769461221558,
            -0.0016298168692175238,
            0.020114479766756854,
            0.00910317716284058,
            -0.04037579204334049,
            0.00932306491444787,
            0.006247475447790295,
            0.04009264254481329,
            0.003983472170156616,
            -0.0074042511736267785,
            -0.013551474533619129,
            -0.022059005268453852,
            0.005595128909724277,
            -0.025523029021727893,
            -0.005335995642923938,
            -0.026305628480261814,
            -0.03601641741380962,
            -0.004142581875380989,
            -0.006410427548386053,
            0.012036516572840304,
            0.01469389880701024,
            0.022235989075039424,
            0.010605172655278841,
            -0.05395750535341324,
            0.009715341700170787,
            0.017802117213477443,
            0.009732231149610773,
            -0.006744508446409598,
            0.0014586001561386374,
            0.011760395955607059,
            0.014230446504790552,
            0.0019704044630197122,
            -0.03485297726521379,
            0.007928199445040677,
            -0.01594132378578014,
            -0.00982236417631928,
            0.001739663230957003,
            -0.03341409691991716,
            0.008350485360463004,
            -0.0285073312490962,
            -0.00855744067403049,
            0.03897068173130939,
            -0.0013949790542406668,
            0.025255476770012338,
            0.018508841166713377,
            0.03361558777308769,
            0.0028142870264343998,
            0.011536154451306001,
            -0.013179993206073274,
            0.020147518934941523,
            -0.026559314468816958,
            0.01569743435985374,
            0.01317848236607467,
            -0.0017703120452457139,
            0.042555057112119286,
            -0.0017703120452457074,
            0.013178482366074142,
            0.01569743435985301,
            -0.02655931446881749,
            0.02014751893494226,
            -0.013179993206072577,
            0.011536154451305949,
            0.002814287026430779,
            0.03361558777308714,
            0.018508841166712836,
            0.025255476770012865,
            -0.0013949790542423456,
            0.03897068173131148,
            -0.008557440674030017,
            -0.028507331249096914,
            0.008350485360461367,
            -0.03341409691991853,
            0.0017396632309595985,
            -0.009822364176320379,
            -0.01594132378578104,
            0.00792819944504038,
            -0.034852977265213456,
            0.0019704044630217163,
            0.014230446504789536,
            0.011760395955607555,
            0.001458600156139216,
            -0.006744508446408832,
            0.00973223114961209,
            0.017802117213475722,
            0.009715341700169623,
            -0.05395750535341227,
            0.010605172655283521,
            0.02223598907503782,
            0.014693898807011717,
            0.012036516572839853,
            -0.0064104275483864125,
            -0.0041425818753828,
            -0.03601641741380956,
            -0.026305628480258816,
            -0.005335995642922565,
            -0.02552302902172606,
            0.005595128909722164,
            -0.022059005268452093,
            -0.01355147453361659,
            -0.0074042511736269676,
            0.003983472170151296,
            0.04009264254481178,
            0.006247475447793469,
            0.009323064914445798,
            -0.04037579204334181,
            0.009103177162843127,
            0.020114479766754272,
            -0.0016298168692166675,
            0.022247769461222134,
            -0.0013032375739025497,
            -0.032992829237369334,
            -0.07026945305542058,
            -0.012057351892574002,
            -0.012959655447099268,
            0.014294154330734912,
            -0.018271458712265647,
            0.02039211743634785,
            0.0032927029464565553,
            -0.026722825677134854,
            0.0011715015181691629,
            0.0013538006247847685,
            -0.029335541631563922,
            0.007697774667248123,
            -0.024096361631295384,
            -0.03311611588497836,
            -0.02283784113421214,
            -8.107228406944311e-05,
            0.0003756299359908324,
            0.018232300273958422,
            -0.00017094528988320298,
            -0.0033637160875286216,
            0.02031186375013728,
            -0.0043431664410897375,
            -0.04145131841286446,
            0.012675269643708067,
            -0.07901787088657833,
            -0.00749192443620012,
            0.008859854237216575,
            -0.03374253267650414,
            0.0034577743896813404,
            0.02130495675012681,
            -0.011845691466232985,
            0.0010748294445794583,
            -0.02237802853673905,
            0.014549469596418153,
            -0.015372161453247527,
            0.014101876865629265,
            -0.004405141480926504,
            0.04291323814036396,
            0.028367968205028727,
            -0.004768980002957614,
            0.0013054517515120256,
            0.028437804263877778,
            -0.026863338603144774,
            0.01919701644477677,
            0.008280634102590941,
            -0.014237307337415002,
            -0.004685805791972168,
            0.027082847859684563,
            -0.008765231770027948,
            0.017619847795414898,
            -0.024115568094589937,
            0.027198809923958643,
            -0.007578350639192208,
            0.003166090858483757,
            -0.01593890616244942,
            -0.01633813638230243,
            0.04185860894589187,
            -0.01005864350543672,
            0.017073321164029757,
            0.00707919383733391,
            0.0020529891433369325,
            0.004129438397150099,
            0.008517779353964004,
            -0.03768964535097854,
            0.02927627459810264,
            0.04080931248553498,
            -0.012229183434132877,
            -0.014513676223715574,
            -0.032078376807142935,
            0.023206891624537967,
            -0.007108017417906233
        ],
        "imag": [
            0.0,
            0.03671569448887829,
            0.036403192035076734,
            0.014674247182194287,
            0.012914813352042,
            -0.016470614529731305,
            0.002911279872056566,
            0.017300688083556653,
            -0.010006605102602834,
            0.01162201100417296,
            -0.005168800617943084,
            -0.03384303603822831,
            0.013807072170980157,
            -0.007080626348577305,
            -0.01661217668385094,
            -0.010326074375156074,
            -0.011646736867646829,
            0.03432706382600903,
            0.0032162581229007873,
            -0.018535136630822114,
            -0.0019769969050373315,
            -0.010233469591254473,
            0.030826273181034414,
            -0.044586455035513284,
            -0.03884319905682724,
            0.04384540643740715,
            -0.010119020863753535,
            0.00031478967221763594,
            0.029132425123054785,
            -0.00018723249044450365,
            -0.03577760094264088,
            -0.0395702202980444,
            0.007362593552338197,
            -0.031110151301548167,
            0.030723191141241172,
            0.029472927265580543,
            0.05165363638400724,
            0.012160410651543,
            0.003446512693034913,
            0.009056676501323893,
            -0.0013091505107523758,
            0.016162355564223838,
            -0.032554945818399184,
            -0.04453879984484453,
            -0.016446885801849668,
            0.036249502850023624,
            -0.02301737063655596,
            0.022816443893374456,
            0.007465068819895929,
            0.016704443660687927,
            -0.03173590066657033,
            0.030431933856932068,
            0.016498402580695296,
            0.02177658159791137,
            -0.00021420911272947455,
            -0.041581145320158074,
            0.04059384684536257,
            0.0049332159441145785,
            0.010787797297247721,
            0.010207402425225809,
            0.014300358596566375,
            -0.04052191581071748,
            0.018966189543548544,
            0.02849923081979875,
            -0.0461609582989063,
            -0.011390731489113076,
            0.02220625720221055,
            -0.03822712229319997,
            0.006363216882088741,
            0.04421987240144742,
            -0.02388614871845941,
            0.00027654136356613504,
            0.008001680474932403,
            0.03265113712227259,
            0.019857599915898853,
            0.006598043017766059,
            -0.00216712348200895,
            0.013396007928999148,
            0.014592559091850681,
            0.0166433847336726,
            -0.02478900409431873,
            0.024065102646012273,
            0.03676650421380486,
            -0.004821340697171637,
            -0.02320430139131607,
            0.014850062929147857,
            0.019588314793676412,
            0.028449057488211693,
            -0.02748249957032662,
            -0.01534792295051045,
            -0.01639166723398669,
            0.022493536294491006,
            0.038885433737984636,
            0.01585755912451374,
            0.008090340010342947,
            -0.006963425657550479,
            -0.008402559852133052,
            -0.02223957455945647,
            0.0014461532054370666,
            0.00930222857296565,
            -0.017027492449935053,
            0.0018426858324593488,
            0.03223453680763007,
            -0.008187966337100358,
            0.0044501393649629285,
            -0.020150202470663476,
            -0.006663160132202214,
            0.02340566694321594,
            -0.018298930344684265,
            0.004535803164464519,
            -0.027125103537845183,
            -0.008507645549435332,
            0.003408718806899751,
            -0.036699030867917565,
            0.011431165887446023,
            -0.021561915007795637,
            0.011445143165970336,
            -0.000707455191246227,
            -0.014993631792381829,
            -0.008747561633757834,
            -0.008814029875245388,
            0.016518830814002818,
            -0.008094841105803044,
            -0.007368364368613727,
            0.0059059936423165454,
            0.0156582633345138,
            -0.023433765388917935,
            -0.029693554585929986,
            -1.598188222806614e-15,
            0.029693554585929732,
            0.02343376538891732,
            -0.01565826333451425,
            -0.005905993642316716,
            0.007368364368614026,
            0.008094841105802742,
            -0.016518830814005417,
            0.008814029875245759,
            0.008747561633758377,
            0.014993631792380932,
            0.0007074551912472529,
            -0.011445143165969144,
            0.02156191500779413,
            -0.01143116588744482,
            0.03669903086791487,
            -0.003408718806901483,
            0.008507645549439266,
            0.027125103537846692,
            -0.004535803164463866,
            0.01829893034468698,
            -0.023405666943217156,
            0.006663160132202568,
            0.020150202470662924,
            -0.004450139364962201,
            0.008187966337102231,
            -0.03223453680763006,
            -0.0018426858324591038,
            0.017027492449934695,
            -0.009302228572965835,
            -0.001446153205436733,
            0.022239574559462665,
            0.008402559852132188,
            0.006963425657543664,
            -0.00809034001034598,
            -0.015857559124515287,
            -0.03888543373798558,
            -0.022493536294489337,
            0.01639166723398805,
            0.015347922950514655,
            0.027482499570323827,
            -0.02844905748821318,
            -0.01958831479367714,
            -0.014850062929146314,
            0.023204301391314824,
            0.004821340697171347,
            -0.03676650421380077,
            -0.024065102646013557,
            0.024789004094318463,
            -0.016643384733678674,
            -0.014592559091848607,
            -0.013396007928998534,
            0.0021671234820092844,
            -0.006598043017765882,
            -0.019857599915901226,
            -0.032651137122274035,
            -0.008001680474930183,
            -0.00027654136356185027,
            0.023886148718459455,
            -0.04421987240144613,
            -0.006363216882089044,
            0.03822712229319692,
            -0.022206257202210984,
            0.011390731489116429,
            0.04616095829890669,
            -0.02849923081979745,
            -0.01896618954354535,
            0.040521915810718324,
            -0.014300358596563237,
            -0.010207402425222802,
            -0.010787797297244689,
            -0.004933215944115058,
            -0.040593846845361964,
            0.041581145320158476,
            0.00021420911272688635,
            -0.021776581597911245,
            -0.016498402580692708,
            -0.030431933856933217,
            0.03173590066656732,
            -0.01670444366068114,
            -0.007465068819896423,
            -0.02281644389337642,
            0.023017370636555366,
            -0.036249502850024186,
            0.01644688580184965,
            0.04453879984484653,
            0.03255494581839662,
            -0.01616235556422445,
            0.001309150510755248,
            -0.009056676501324724,
            -0.0034465126930380563,
            -0.012160410651540412,
            -0.05165363638400971,
            -0.02947292726558451,
            -0.030723191141240284,
            0.031110151301548126,
            -0.00736259355233904,
            0.039570220298043274,
            0.035777600942639334,
            0.0001872324904407883,
            -0.02913242512305726,
            -0.000314789672215525,
            0.010119020863752194,
            -0.04384540643741411,
            0.03884319905683211,
            0.04458645503551981,
            -0.030826273181029616,
            0.010233469591255524,
            0.001976996905037749,
            0.018535136630822888,
            -0.003216258122899402,
            -0.034327063826008045,
            0.011646736867646652,
            0.010326074375156919,
            0.016612176683852373,
            0.007080626348575065,
            -0.013807072170980152,
            0.033843036038230336,
            0.005168800617943202,
            -0.011622011004173394,
            0.010006605102605728,
            -0.01730068808355667,
            -0.0029112798720585197,
            0.016470614529731743,
            -0.012914813352041992,
            -0.01467424718219382,
            -0.03640319203507545,
            -0.03671569448887944
        ]
    }
}