{
    "state": {
        "real": [
            0.8775015491092234,
            0.003256651466459243,
            -0.0027208367381137953,
            0.0403044459267842,
            0.006270681288772389,
            -0.002888139896849746,
            0.007196802867175439,
            -0.017205997887808595,
            -0.011040407909293823,
            0.030741977301373742,
            -0.009599294923506408,
            0.048109180340643994,
            -0.0055861181631478764,
            -0.0012211232997740148,
            -0.006919722239010282,
            0.008135716137243768,
            0.00780767958726389,
            0.004894488875817227,
            0.010963302936371681,
            -0.024775226381680997,
            0.016291078495563233,
            0.012303903053990966,
            -0.008895208089154514,
            -0.012684089864435285,
            0.050230514150731265,
            -0.0036695576576084663,
            0.026190844092591252,
            0.013790786792219482,
            -0.010814654095198127,
            -0.02764371648803829,
            0.02293057889486282,
            0.004422232868806227,
            0.0010292944367058245,
            0.004408603726372587,
            0.007525714164792577,
            -0.0038532598172508624,
            0.006425300353003137,
            -0.028964525064954796,
            -0.005149621167417718,
            -0.0026679149066842667,
            -0.007348055469368443,
            -0.05880834714116798,
            -0.020654522814802803,
            0.004398813013186456,
            0.00718869768738004,
            -0.0023159152103209945,
            -0.005629905456265659,
            -0.036298178868814195,
            -0.022371656781643233,
            -0.0431387481056123,
            -0.012789155822781234,
            0.04223461801164472,
            0.000797422591660709,
            -0.034757562855369885,
            -0.0014773203216802149,
            -0.0003244011883850565,
            -0.005464405059843919,
            -0.03360136230920419,
            -0.03462499861422423,
            0.012851884666424415,
            0.015885228285911452,
            0.028644745450936773,
            -0.02483867316767052,
            0.03941565147042831,
            0.03369007165651895,
            0.0027878086142862344,
            0.04715382733706942,
            0.025772709553559064,
            -0.03316924954944075,
            -0.043354856828028414,
            -0.01768824326720723,
            -0.003240390895884958,
            0.034121476651780815,
            -0.01608087948221114,
            0.017320030678201925,
            -0.001806661983546073,
            0.013112207094336659,
            0.016647111227052428,
            -0.022319879140090728,
            0.0030856136383360286,
            -0.011431889440478089,
            0.015104187448200402,
            0.008686616884877586,
            -0.013451828147752094,
            -0.008413308190011945,
            0.025326530386550798,
            -0.0037542381275530215,
            0.005631302421234702,
            -2.7662735207392576e-05,
            0.009238414385812712,
            -0.006823565745679894,
            -0.0045305769812916345,
            0.027781337184151926,
            -0.021144066191846243,
            -0.02833915072274651,
            -0.02874358913055967,
            -0.009149871594765208,
            0.03915658898928804,
            0.03638462268509784,
            -0.03782463024636354,
            0.0272009149258783,
            -0.004250858084453413,
            -0.017120924418600636,
            -0.0036789117526279617,
            0.026536518960091873,
            0.057407811828136715,
            -0.034158553203033605,
            0.009395367077751682,
            -0.00040041675743612696,
            -0.01949390233634251,
            -0.0004843806524579094,
            -0.014757347460377448,
            0.003090359245879855,
            0.008316862867283406,
            -0.019317210165000584,
            0.00185264544096549,
            0.01658914829335744,
            0.024010657024071933,
            0.004257015016149188,
            0.016589784227714115,
            -0.007758026632761668,
            0.05053081849633527,
            0.0026538381888956642,
            -0.0016386502943715091,
            0.044744370806141534,
            0.012497540732009095,
            0.01127147015851665,
            0.03320670795152643,
            0.001454364647674415,
            0.03320670795152788,
            0.011271470158515835,
            0.012497540732009973,
            0.0447443708061403,
            -0.00163865029437156,
            0.0026538381888960203,
            0.05053081849633463,
            -0.007758026632766126,
            0.016589784227715364,
            0.004257015016149268,
            0.024010657024068075,
            0.016589148293354443,
            0.00185264544096511,
            -0.019317210164997278,
            0.00831686286728349,
            0.0030903592458794787,
            -0.014757347460377962,
            -0.00048438065245515725,
            -0.019493902336345764,
            -0.0004004167574353297,
            0.00939536707775331,
            -0.03415855320303428,
            0.05740781182813769,
            0.02653651896009121,
            -0.003678911752627901,
            -0.017120924418599734,
            -0.004250858084452332,
            0.027200914925880858,
            -0.037824630246362026,
            0.036384622685099226,
            0.03915658898928871,
            -0.009149871594763206,
            -0.028743589130565416,
            -0.02833915072274416,
            -0.02114406619184299,
            0.027781337184154185,
            -0.004530576981293554,
            -0.006823565745684134,
            0.009238414385813201,
            -2.7662735209181025e-05,
            0.00563130242123716,
            -0.0037542381275533446,
            0.02532653038655113,
            -0.008413308190010361,
            -0.013451828147752809,
            0.008686616884874616,
            0.015104187448200725,
            -0.011431889440477246,
            0.0030856136383341174,
            -0.022319879140092324,
            0.016647111227056303,
            0.013112207094334328,
            -0.0018066619835458507,
            0.01732003067820549,
            -0.01608087948220752,
            0.0341214766517786,
            -0.00324039089588518,
            -0.017688243267206225,
            -0.04335485682802958,
            -0.03316924954943958,
            0.025772709553559738,
            0.04715382733707289,
            0.0027878086142884037,
            0.03369007165651642,
            0.03941565147042845,
            -0.024838673167668492,
            0.028644745450934265,
            0.015885228285910144,
            0.012851884666423903,
            -0.03462499861422697,
            -0.03360136230919934,
            -0.005464405059840262,
            -0.0003244011883837531,
            -0.0014773203216804655,
            -0.034757562855369205,
            0.0007974225916677994,
            0.04223461801164631,
            -0.012789155822781489,
            -0.043138748105606244,
            -0.022371656781637415,
            -0.036298178868810906,
            -0.005629905456265144,
            -0.0023159152103223,
            0.007188697687381038,
            0.004398813013184945,
            -0.0206545228148014,
            -0.058808347141169746,
            -0.007348055469364641,
            -0.002667914906684136,
            -0.005149621167418669,
            -0.028964525064952982,
            0.006425300353004969,
            -0.0038532598172510042,
            0.007525714164795422,
            0.004408603726369479,
            0.0010292944367061073,
            0.004422232868807545,
            0.022930578894860137,
            -0.02764371648803182,
            -0.010814654095195596,
            0.013790786792221026,
            0.026190844092593916,
            -0.003669557657610178,
            0.05023051415072029,
            -0.012684089864437963,
            -0.008895208089155098,
            0.0123039030539921,
            0.016291078495564066,
            -0.0247752263816782,
            0.010963302936370389,
            0.004894488875819276,
            0.007807679587266053,
            0.008135716137242307,
            -0.00691972223901205,
            -0.0012211232997744424,
            -0.005586118163146257,
            0.048109180340647775,
            -0.009599294923504541,
            0.030741977301373367,
            -0.011040407909293493,
            -0.017205997887810024,
            0.0071968028671777935,
            -0.002888139896847398,
            0.006270681288774629,
            0.04030444592678708,
            -0.0027208367381114248,
            0.003256651466468777
        ],
        "imag": [
            0.0,
            -0.00849768508402767,
            0.010642877671132735,
            -0.01092793776588577,
            0.00727775074054102,
            -0.03152082070679596,
            0.0032286642304263703,
            0.035242254757382345,
            0.010315613260421633,
            0.0011284009531041615,
            -0.04811502719909342,
            -0.0022883983771093542,
            -0.022589530458397063,
            0.01686750383376897,
            0.005191348573373704,
            0.05650314195590753,
            -0.01696274734696424,
            0.001506634837212378,
            0.011825762834305732,
            -0.006291337166455173,
            0.0008799881806706185,
            -0.0014870890479683565,
            0.024803134677794696,
            0.0032049352512533943,
            -0.01974787318623664,
            -0.006384148080609162,
            -0.00950915978219091,
            -0.029693873444736663,
            -0.004429192738114682,
            -0.01689691438327214,
            -0.012015800534525233,
            0.009431245483629242,
            0.018100381233714727,
            0.01614722304505282,
            -0.0030667938628037654,
            0.002534397167901435,
            0.023175929464250976,
            -0.0036944536287484256,
            0.03280104110038392,
            0.047444696942801616,
            0.014443635364759441,
            -0.027510295978210485,
            0.028880785387594806,
            -0.0006641882041346381,
            -0.037908250573368794,
            -0.0018131247893986683,
            -0.0037299801757701466,
            0.013364749373158652,
            0.0014344637187681186,
            0.015749198518664423,
            0.011793418286939238,
            0.0033844666410121544,
            -0.015367267737613991,
            -0.009168863403813959,
            -0.025931573845378496,
            0.01786509726172772,
            0.008004111564734162,
            -0.026410622482805606,
            0.032736107320529555,
            0.011854541632914656,
            0.03825815470718453,
            0.006239456233748794,
            0.006947209657639189,
            -0.01253547607933451,
            -0.009981347247160332,
            -0.002432368296204988,
            0.031771713728428894,
            -8.56992732513927e-05,
            0.0013447629736829958,
            0.025386579951798768,
            0.006914749865632621,
            0.004081508877599807,
            0.011297264281584169,
            0.02833852082444264,
            -0.014750925394362612,
            0.0033775791591941916,
            0.020791629676753527,
            -0.0054041324341881055,
            0.01218983299549411,
            0.011711617784244776,
            -0.013357846124088116,
            -0.00798468701355022,
            -0.014878840390931552,
            -0.004634217781177038,
            -0.001387407329238418,
            0.028256164006622085,
            0.004228108004739703,
            -0.012427407090913303,
            0.013616445039152254,
            0.01494319401303681,
            0.03147861330783819,
            0.022814470169717112,
            0.009384123673261099,
            -0.009475744779062115,
            -0.024802287138802365,
            0.030924292247896338,
            -0.020265704018722335,
            -0.02703428820471352,
            0.026168826827388664,
            -0.027007778139212023,
            -0.03212655169225505,
            -0.005832682721690959,
            -0.023504964655676704,
            -0.016661525000261773,
            -0.0011633329063535033,
            0.00464303288359512,
            0.0325789142234717,
            0.004148507689074449,
            0.01624901325052745,
            0.014081350540438225,
            -0.03473552270402065,
            0.017725837827435195,
            -0.00733440191008544,
            0.005518060294550621,
            -0.006795927268534383,
            -0.0017458452150114346,
            -0.01889912740880812,
            0.08382994221845186,
            0.02725066046996153,
            0.010064364818251402,
            0.017812277298675426,
            0.022550129699838727,
            -0.01573009598784301,
            0.002210920162616364,
            0.013036555979490088,
            -0.008447088766450332,
            0.0010816277277300027,
            -0.02449141766498932,
            5.338488470547763e-16,
            0.02449141766498753,
            -0.001081627727730809,
            0.008447088766449479,
            -0.013036555979492909,
            -0.002210920162616171,
            0.01573009598784243,
            -0.022550129699841676,
            -0.01781227729867311,
            -0.01006436481825133,
            -0.027250660469964744,
            -0.0838299422184531,
            0.01889912740880942,
            0.0017458452150149626,
            0.006795927268537325,
            -0.005518060294553221,
            0.007334401910085439,
            -0.017725837827434116,
            0.03473552270402204,
            -0.014081350540436403,
            -0.016249013250525354,
            -0.00414850768907565,
            -0.03257891422347074,
            -0.004643032883596345,
            0.0011633329063538494,
            0.016661525000265014,
            0.0235049646556768,
            0.005832682721692207,
            0.0321265516922553,
            0.02700777813921074,
            -0.026168826827391956,
            0.027034288204716057,
            0.02026570401871888,
            -0.030924292247898,
            0.024802287138802136,
            0.009475744779062299,
            -0.009384123673263401,
            -0.022814470169721244,
            -0.03147861330783898,
            -0.014943194013033446,
            -0.01361644503915399,
            0.012427407090912604,
            -0.004228108004737451,
            -0.02825616400662175,
            0.0013874073292373095,
            0.00463421778117872,
            0.014878840390936772,
            0.007984687013549992,
            0.0133578461240863,
            -0.01171161778424848,
            -0.012189832995493335,
            0.005404132434185189,
            -0.020791629676754138,
            -0.0033775791591904723,
            0.014750925394362648,
            -0.02833852082444305,
            -0.011297264281583784,
            -0.004081508877600765,
            -0.006914749865631583,
            -0.02538657995179578,
            -0.0013447629736813614,
            8.569927325082192e-05,
            -0.031771713728428436,
            0.0024323682962064785,
            0.00998134724715754,
            0.012535476079334617,
            -0.0069472096576355296,
            -0.00623945623374783,
            -0.03825815470718315,
            -0.011854541632910708,
            -0.03273610732052636,
            0.026410622482806338,
            -0.008004111564734755,
            -0.01786509726172584,
            0.025931573845380227,
            0.009168863403813307,
            0.015367267737614933,
            -0.0033844666410163043,
            -0.011793418286943287,
            -0.015749198518659573,
            -0.0014344637187665564,
            -0.013364749373163405,
            0.0037299801757686942,
            0.0018131247893964882,
            0.03790825057336584,
            0.000664188204134993,
            -0.028880785387595906,
            0.027510295978212793,
            -0.014443635364757111,
            -0.04744469694280253,
            -0.03280104110038191,
            0.0036944536287491464,
            -0.023175929464252443,
            -0.0025343971679057486,
            0.00306679386280332,
            -0.016147223045053904,
            -0.01810038123371379,
            -0.009431245483630103,
            0.012015800534524184,
            0.016896914383269648,
            0.0044291927381149955,
            0.029693873444737215,
            0.009509159782188437,
            0.00638414808059899,
            0.0197478731862399,
            -0.0032049352512447163,
            -0.024803134677790706,
            0.0014870890479704894,
            -0.0008799881806677567,
            0.006291337166457568,
            -0.011825762834304787,
            -0.0015066348372138698,
            0.016962747346962532,
            -0.05650314195590521,
            -0.005191348573373551,
            -0.016867503833768935,
            0.022589530458397164,
            0.0022883983771136204,
            0.048115027199094634,
            -0.0011284009531068217,
            -0.010315613260422487,
            -0.035242254757379875,
            -0.0032286642304274102,
            0.03152082070679642,
            -0.007277750740540275,
            0.010927937765886235,
            -0.010642877671129853,
            0.00849768508402642
        ]
    }
}