{
    "state": {
        "real": [
            0.8783925267804039,
            -0.009490737052781893,
            -0.002799385340893477,
            -0.0024733080169138,
            -0.014451179127126889,
            -0.010440578304574542,
            -0.017613394530551784,
            -0.009674170819316427,
            -0.008067431181856273,
            0.037075388359847146,
            0.04807046077617667,
            -0.013145174368461352,
            0.00021683528534283537,
            0.04879341840486702,
            -0.02494432301224001,
            0.009441556184228784,
            0.0021780509713615606,
            0.019957137018500333,
            -0.027677526117446283,
            -0.03019057478858622,
            0.014785068027900694,
            0.02525121235139614,
            0.0059220101924776095,
            0.00782346399774725,
            -0.018626730123167495,
            -0.027960520922742392,
            -0.0018498815088182857,
            0.03805746810405777,
            -0.01185356257616253,
            -0.0005728473981290067,
            -0.017516921792940655,
            -0.029691685913641866,
            0.047955190119736556,
            0.0028828438805448705,
            0.07909568745579025,
            -0.026776189879644557,
            -0.01190059811082465,
            -0.04398811098231328,
            -0.003129847205699645,
            -0.05775519395994257,
            0.013446729823400725,
            0.004485025466865162,
            -0.005373161363291956,
            -0.019795912595742714,
            -0.0035705570645788737,
            0.011256405332671679,
            -0.034713148450393035,
            -0.022398576236816802,
            -0.012136985470810427,
            -0.03028003779579011,
            -0.011040840948710532,
            -0.018791878389084367,
            0.009432110715502871,
            -0.026581901473075233,
            0.03489972657901697,
            0.0026623244774180406,
            0.00752492680973074,
            0.004784122939810955,
            -0.02906574585738678,
            0.02695928181800806,
            0.04411159454021444,
            -0.019104781127942633,
            -0.003158245065454281,
            -0.025423808425659535,
            -0.013844570951512376,
            -0.033718684210645576,
            -0.0037442252636627612,
            0.018793775373272977,
            0.0037907363301199256,
            0.0025099432824421015,
            0.03783056762759592,
            0.02315011441476797,
            -0.024705175575617036,
            0.013251176636859834,
            -0.01935723180499839,
            -0.005019192867324678,
            -0.04969794215919609,
            -0.022251920468114094,
            -0.013297863986774912,
            -0.033351859329839494,
            -0.013238782452223308,
            0.012535664365534627,
            -0.0051686461258351295,
            -0.01605834886116108,
            0.017273118265835913,
            -0.008510202088221468,
            0.020338600976715467,
            -0.0099587368676874,
            0.0046011642527953355,
            -0.041884979243023264,
            -0.015548648161994515,
            -0.020157021183666846,
            -0.0029873273280389616,
            -0.0008444868337593161,
            -0.018642492401739326,
            0.0001565415934490185,
            0.02017821516532676,
            0.007625438673299231,
            -0.015762307576271745,
            -0.005344471766252511,
            -0.02451362818116413,
            -0.008539184686980082,
            0.010508210316887985,
            -0.017053175079622066,
            -0.00877896494859074,
            0.006347233975449847,
            0.016417794329170364,
            0.005515488582579818,
            0.008042779903115591,
            0.0013327789048624512,
            -0.03883368062150543,
            0.010413214169965171,
            0.01312496607372001,
            0.011136244715617019,
            -0.006866156763537901,
            0.005099381180074183,
            0.020718884706199925,
            0.008721013732799692,
            -0.028943789428152625,
            0.015929945040393887,
            -0.00979129841436987,
            0.001071542485096033,
            0.01116494528728196,
            -0.016810224571618314,
            0.020262110113661705,
            0.016333402865118692,
            0.014578331077195326,
            -0.009357337897763988,
            0.03192463627424996,
            -0.00935733789776109,
            0.014578331077195295,
            0.016333402865119726,
            0.020262110113661132,
            -0.01681022457161758,
            0.011164945287282157,
            0.001071542485096061,
            -0.009791298414373466,
            0.015929945040394477,
            -0.028943789428153347,
            0.008721013732801614,
            0.02071888470619989,
            0.0050993811800753575,
            -0.006866156763537445,
            0.011136244715616025,
            0.013124966073718831,
            0.010413214169963677,
            -0.03883368062150527,
            0.0013327789048632479,
            0.008042779903113795,
            0.005515488582582842,
            0.01641779432917175,
            0.0063472339754489515,
            -0.008778964948590854,
            -0.017053175079623742,
            0.010508210316889952,
            -0.008539184686979659,
            -0.02451362818116419,
            -0.005344471766248756,
            -0.015762307576271055,
            0.00762543867329925,
            0.020178215165332528,
            0.00015654159344474024,
            -0.018642492401739527,
            -0.0008444868337602867,
            -0.002987327328038816,
            -0.02015702118366822,
            -0.015548648161994522,
            -0.04188497924301909,
            0.004601164252794884,
            -0.009958736867684248,
            0.020338600976715904,
            -0.008510202088221484,
            0.017273118265836294,
            -0.016058348861163044,
            -0.005168646125840859,
            0.012535664365535522,
            -0.013238782452224688,
            -0.033351859329842644,
            -0.013297863986776284,
            -0.022251920468113785,
            -0.0496979421591987,
            -0.00501919286732649,
            -0.019357231804997738,
            0.01325117663686047,
            -0.024705175575618143,
            0.023150114414768354,
            0.03783056762759934,
            0.002509943282439844,
            0.0037907363301224405,
            0.018793775373272,
            -0.003744225263660207,
            -0.033718684210644854,
            -0.013844570951515724,
            -0.025423808425659444,
            -0.0031582450654503115,
            -0.019104781127941832,
            0.044111594540217944,
            0.026959281818006386,
            -0.029065745857388966,
            0.004784122939816609,
            0.00752492680972989,
            0.0026623244774182813,
            0.034899726579014016,
            -0.02658190147307764,
            0.009432110715506273,
            -0.01879187838908374,
            -0.011040840948710308,
            -0.03028003779578594,
            -0.012136985470805706,
            -0.022398576236812774,
            -0.03471314845039346,
            0.011256405332671915,
            -0.0035705570645817157,
            -0.01979591259574414,
            -0.005373161363287203,
            0.004485025466862628,
            0.013446729823401081,
            -0.05775519395994003,
            -0.003129847205701692,
            -0.0439881109823143,
            -0.011900598110822298,
            -0.026776189879644068,
            0.07909568745579343,
            0.0028828438805438253,
            0.04795519011974232,
            -0.029691685913640804,
            -0.017516921792941918,
            -0.0005728473981204352,
            -0.01185356257616226,
            0.03805746810405534,
            -0.0018498815088163543,
            -0.02796052092274437,
            -0.01862673012318111,
            0.007823463997745129,
            0.005922010192479164,
            0.025251212351396917,
            0.014785068027903253,
            -0.030190574788584418,
            -0.027677526117446033,
            0.01995713701850408,
            0.0021780509713638005,
            0.009441556184226096,
            -0.024944323012238968,
            0.048793418404870205,
            0.00021683528534015859,
            -0.01314517436845814,
            0.04807046077617784,
            0.03707538835984839,
            -0.008067431181857133,
            -0.00967417081931812,
            -0.017613394530547187,
            -0.010440578304573279,
            -0.014451179127120977,
            -0.0024733080169097284,
            -0.002799385340889091,
            -0.00949073705277405
        ],
        "imag": [
            0.0,
            -0.005444306633492394,
            0.011516112347765468,
            0.02361310457303575,
            -0.06287776042147426,
            0.008736660036844649,
            0.0009848645908163366,
            -0.007875344637274366,
            0.011885977985031982,
            0.0004571957779972443,
            0.030370660798682825,
            0.012124002477017875,
            0.005464834090619617,
            -0.0313202926755246,
            0.0047758163722477565,
            0.04089421302405702,
            0.022249699049292405,
            -0.00046682772264524086,
            -0.01431808044026727,
            0.02218968176956174,
            -0.02127525997389112,
            -0.010071041410726374,
            0.015106873665552842,
            0.013410557481105303,
            0.006298800798992973,
            0.01263258046962123,
            -0.012908568488263652,
            0.02558835720159575,
            0.004146021935816928,
            0.012361317357553308,
            0.024699410873447163,
            0.015107318969467164,
            -0.019595897956759555,
            -0.011254245791453194,
            -0.015084396535621474,
            0.018274554662971846,
            0.0021291897886145483,
            0.04623854439187094,
            0.020631444018522137,
            -0.0012875600452098529,
            -0.020499516892939832,
            -0.009728572781281954,
            -0.013239130570332953,
            -0.011110457223929756,
            -0.0016588851600624543,
            -0.0010557242208016826,
            0.02601774798013477,
            0.01770356207346827,
            0.03366218711169904,
            0.007464608930697845,
            0.019616452592080114,
            0.021912724674568895,
            -0.008945786190256821,
            0.017280801976820526,
            0.04667615199245176,
            0.014560758974843583,
            -0.020054610109511165,
            -0.027975199126713264,
            -0.01591011989253558,
            0.010861855863000735,
            -0.005937361182592264,
            -0.02434605404207071,
            -0.029715458128370537,
            -0.005761155868209957,
            0.0025121365109292346,
            0.040485505920134675,
            -0.04264184568551967,
            0.02057996965093432,
            -0.003711770401136983,
            0.019702059519037803,
            0.005932144166561721,
            0.013550001334851075,
            -0.007290885165758517,
            0.045061106725302884,
            0.027066627041327753,
            -0.0021616346238164776,
            0.015090996482779288,
            0.002967873336067201,
            -0.008900213623489316,
            0.0057560584396839885,
            0.007003686037554802,
            0.005050819714374545,
            0.005199907001413206,
            0.02095949392863397,
            0.006603053974082772,
            -0.027159804178389143,
            -0.01391012276414822,
            0.010982593267235472,
            0.04406579957042394,
            0.00800054782421979,
            -0.009878929274005447,
            0.022551708099762025,
            0.024076640926625013,
            0.010556556851162665,
            -0.024850149992034973,
            -0.006265291292012734,
            -0.04627918658938953,
            -6.964335845669899e-05,
            -0.0064500580038577785,
            -0.03185866581791378,
            0.02830204241666907,
            0.013274059233358492,
            -0.019592219217025433,
            0.020495862120331606,
            0.03664683627014903,
            0.003795504110054445,
            0.008642624853351513,
            -0.020730053811861594,
            0.0004650283992894261,
            0.004736450617444701,
            0.033448396531171466,
            0.003677025932488765,
            -0.006453497997339508,
            0.0038652154303081554,
            0.006863539156476793,
            0.009553887323579613,
            -0.008759751897870002,
            -0.026751405866182125,
            3.8201740632409455e-05,
            0.008764724098725942,
            0.0064695524093485385,
            -0.004866923812073857,
            0.03168593269600885,
            -0.03572520306850258,
            0.0023712705080800992,
            -0.0013005435575221681,
            -0.003900012151739991,
            -0.04255304715825842,
            -8.263378811357311e-18,
            0.04255304715825949,
            0.0039000121517394227,
            0.0013005435575203339,
            -0.0023712705080809497,
            0.0357252030685033,
            -0.03168593269601035,
            0.004866923812072546,
            -0.006469552409346993,
            -0.00876472409872525,
            -3.8201740631933355e-05,
            0.02675140586618308,
            0.008759751897869508,
            -0.009553887323581233,
            -0.006863539156477596,
            -0.0038652154303105315,
            0.006453497997337564,
            -0.0036770259324871925,
            -0.03344839653116809,
            -0.004736450617444141,
            -0.0004650283992879569,
            0.020730053811862548,
            -0.008642624853353133,
            -0.003795504110054559,
            -0.03664683627014823,
            -0.02049586212033016,
            0.019592219217024958,
            -0.013274059233357905,
            -0.028302042416665566,
            0.031858665817912614,
            0.006450058003856363,
            6.964335845955055e-05,
            0.046279186589386394,
            0.006265291292005517,
            0.024850149992035317,
            -0.010556556851163508,
            -0.024076640926625363,
            -0.022551708099761463,
            0.009878929274005526,
            -0.00800054782421665,
            -0.044065799570425994,
            -0.010982593267237061,
            0.013910122764146344,
            0.027159804178388564,
            -0.006603053974085331,
            -0.020959493928634294,
            -0.005199907001408866,
            -0.005050819714376631,
            -0.007003686037557744,
            -0.0057560584396857345,
            0.00890021362349028,
            -0.002967873336067796,
            -0.015090996482779506,
            0.002161634623819331,
            -0.027066627041327864,
            -0.045061106725304036,
            0.0072908851657600485,
            -0.013550001334850166,
            -0.005932144166561772,
            -0.01970205951903504,
            0.0037117704011368925,
            -0.020579969650938983,
            0.0426418456855207,
            -0.04048550592013188,
            -0.0025121365109296843,
            0.005761155868213406,
            0.029715458128375123,
            0.02434605404207337,
            0.005937361182593723,
            -0.010861855863001259,
            0.015910119892539615,
            0.027975199126709562,
            0.020054610109508843,
            -0.01456075897484346,
            -0.04667615199245326,
            -0.017280801976818205,
            0.008945786190257786,
            -0.02191272467456808,
            -0.019616452592083153,
            -0.0074646089306915275,
            -0.033662187111697335,
            -0.017703562073472366,
            -0.026017747980135064,
            0.001055724220798764,
            0.0016588851600611303,
            0.01111045722393123,
            0.013239130570330892,
            0.009728572781278923,
            0.020499516892941716,
            0.0012875600452129697,
            -0.020631444018524504,
            -0.04623854439186583,
            -0.002129189788614613,
            -0.018274554662973654,
            0.015084396535619793,
            0.011254245791453392,
            0.01959589795675816,
            -0.015107318969468504,
            -0.024699410873447285,
            -0.01236131735755866,
            -0.004146021935819757,
            -0.02558835720159697,
            0.0129085684882629,
            -0.012632580469630202,
            -0.006298800798987809,
            -0.01341055748109786,
            -0.015106873665550021,
            0.010071041410728033,
            0.021275259973891583,
            -0.022189681769561893,
            0.01431808044027036,
            0.00046682772264414516,
            -0.022249699049293508,
            -0.040894213024055506,
            -0.004775816372243811,
            0.03132029267551937,
            -0.005464834090620866,
            -0.012124002477012778,
            -0.03037066079868071,
            -0.00045719577800004576,
            -0.01188597798503188,
            0.007875344637274736,
            -0.00098486459081564,
            -0.008736660036842831,
            0.06287776042147451,
            -0.023613104573037627,
            -0.01151611234776428,
            0.005444306633492685
        ]
    }
}