{
    "state": {
        "real": [
            0.8572736585622771,
            0.0006787725676317344,
            0.00375480198780254,
            0.052755824004835285,
            -0.01503480098111155,
            -0.005476506795828986,
            0.015117418323029467,
            0.008458048789696321,
            -0.024036552491793876,
            -0.043556362752560175,
            -0.0053112973832932986,
            -0.010758910357869588,
            0.03483027270198871,
            -0.014490349284468828,
            -0.014477109403873846,
            -0.020178364146837074,
            -0.05265632617747723,
            -0.003715026473693455,
            0.016058225012769347,
            -0.003249590809882584,
            0.0009363706216848817,
            -0.020465175343550177,
            -0.01898911949219356,
            0.03370100216578531,
            2.9799795315335782e-05,
            0.0207574183769951,
            -0.0008276204630962114,
            0.01656462019683269,
            0.004212763367733558,
            -0.01733000627091447,
            -0.018152019932574766,
            -0.06430875199605018,
            0.010840614765636813,
            -0.021971597481395246,
            0.010499571048382898,
            0.013867937168672144,
            -0.0277629082732214,
            -0.019809672249863713,
            0.006002478138584153,
            -0.031535046240924285,
            0.046150465968944905,
            0.012993032294669376,
            0.042322468061420135,
            0.024701973563132067,
            0.038731782091878414,
            0.0007922424226621591,
            0.03119228283499902,
            -0.0027291384877655943,
            0.0090476807138364,
            0.010718241085001821,
            -0.011016754951664655,
            0.006747190683329832,
            0.0015005966140954137,
            0.03820284831614872,
            -0.004681960282704852,
            -0.02293270323164185,
            0.007631372907268877,
            -0.002359032716653478,
            -0.027220892890776022,
            -0.0003599364662681423,
            -0.007343024608957471,
            -0.03468186501531659,
            -0.006863800948715721,
            -0.007338658473390691,
            -0.04989525388951378,
            0.000749600096923961,
            -0.04267820450723388,
            0.012433412945995754,
            0.01740778408613949,
            -0.0026880968276019367,
            0.005215675884378789,
            -0.008426721885546674,
            0.013639796268151982,
            -0.04895755644826803,
            0.004883351250142493,
            -0.010064910159949076,
            0.002553575458403221,
            0.006113318704152916,
            -0.008034697958308221,
            0.007271958498355798,
            -0.02438430909842452,
            -0.028383196097129547,
            -0.0018011197350709068,
            -0.005793905065417739,
            -0.0232482862239037,
            0.004150796570389918,
            0.028119817700710252,
            -0.023497317337251404,
            -0.0141348557713627,
            -0.03088315927807956,
            -0.004688184938767378,
            0.0368151032545528,
            -0.024165203288013963,
            -0.04763804679878697,
            0.011512983769585487,
            -0.02079823349791859,
            -0.013661648969188889,
            0.014694696384483705,
            0.020697466317190334,
            0.03567598369741614,
            0.002265346647287586,
            -0.005022892218380038,
            0.023108397119630086,
            0.03589380173431599,
            0.003807724663016701,
            -0.0028333853440501845,
            -0.023229998396663502,
            0.010688173008014439,
            -0.038925661644367664,
            -0.02699086968874519,
            0.022891127920090185,
            -0.021628533115906252,
            0.02474976009067719,
            -0.004052451023266017,
            -0.02248564368975713,
            -0.03281158665730659,
            0.045246814221021045,
            0.011992383224519964,
            -0.036669993903393906,
            -0.015763872794599947,
            0.021213136786298912,
            -0.02201185916921961,
            0.0028915346740018286,
            -0.023667691123095566,
            0.01458825841255346,
            -0.019038459210634726,
            0.02453852998910284,
            -0.003592330511247519,
            -0.014628527215204802,
            -0.0035923305112487134,
            0.02453852998910084,
            -0.019038459210633418,
            0.014588258412552018,
            -0.0236676911230959,
            0.0028915346740011716,
            -0.022011859169219182,
            0.021213136786294932,
            -0.01576387279459823,
            -0.036669993903396945,
            0.011992383224520384,
            0.04524681422102157,
            -0.03281158665730763,
            -0.022485643689756044,
            -0.004052451023267023,
            0.024749760090678082,
            -0.021628533115907775,
            0.022891127920090893,
            -0.0269908696887453,
            -0.03892566164436871,
            0.010688173008017063,
            -0.023229998396665952,
            -0.002833385344048999,
            0.0038077246630180586,
            0.03589380173431704,
            0.02310839711963095,
            -0.005022892218378378,
            0.002265346647288457,
            0.0356759836974201,
            0.020697466317193273,
            0.014694696384481384,
            -0.013661648969184804,
            -0.020798233497923972,
            0.011512983769587499,
            -0.047638046798785305,
            -0.024165203288014688,
            0.0368151032545523,
            -0.004688184938766002,
            -0.030883159278077096,
            -0.014134855771361792,
            -0.023497317337247605,
            0.02811981770071166,
            0.0041507965703908006,
            -0.023248286223901904,
            -0.0057939050654165665,
            -0.0018011197350747143,
            -0.028383196097129026,
            -0.02438430909842414,
            0.007271958498354574,
            -0.008034697958308953,
            0.006113318704152352,
            0.002553575458400493,
            -0.010064910159948651,
            0.004883351250144063,
            -0.0489575564482636,
            0.013639796268150433,
            -0.00842672188554933,
            0.005215675884378053,
            -0.002688096827602596,
            0.01740778408614034,
            0.012433412945993493,
            -0.04267820450722911,
            0.0007496000969259797,
            -0.04989525388951626,
            -0.007338658473390309,
            -0.006863800948713853,
            -0.03468186501531938,
            -0.007343024608958245,
            -0.0003599364662686033,
            -0.027220892890778545,
            -0.0023590327166506686,
            0.007631372907269157,
            -0.022932703231639557,
            -0.0046819602827011175,
            0.038202848316145316,
            0.0015005966140973002,
            0.006747190683330314,
            -0.011016754951664385,
            0.010718241085007407,
            0.00904768071384063,
            -0.002729138487759548,
            0.031192282834998024,
            0.0007922424226621633,
            0.03873178209187873,
            0.024701973563130187,
            0.04232246806141905,
            0.012993032294666274,
            0.04615046596894773,
            -0.03153504624092436,
            0.006002478138582656,
            -0.019809672249862943,
            -0.027762908273223856,
            0.013867937168673074,
            0.010499571048387583,
            -0.021971597481395974,
            0.010840614765637479,
            -0.06430875199604864,
            -0.018152019932574377,
            -0.017330006270902844,
            0.004212763367735286,
            0.016564620196829957,
            -0.0008276204630924982,
            0.020757418376993398,
            2.9799795301665728e-05,
            0.033701002165781736,
            -0.01898911949219161,
            -0.020465175343549073,
            0.0009363706216857729,
            -0.0032495908098776447,
            0.016058225012768483,
            -0.0037150264736940646,
            -0.05265632617747891,
            -0.020178364146838323,
            -0.014477109403872972,
            -0.014490349284469503,
            0.03483027270198778,
            -0.010758910357868898,
            -0.005311297383293219,
            -0.04355636275256117,
            -0.024036552491791083,
            0.008458048789694113,
            0.015117418323031899,
            -0.005476506795826296,
            -0.015034800981106992,
            0.052755824004841585,
            0.0037548019878060578,
            0.0006787725676399808
        ],
        "imag": [
            0.0,
            -0.03505846324721438,
            -0.020897828989949706,
            -0.0325649126531705,
            -0.014993014938886755,
            0.013406861980213769,
            0.009700768324606888,
            0.014561412320908596,
            0.006437167556966335,
            0.014379938867028793,
            0.014089988488692888,
            0.02182424230924704,
            0.019875099922969444,
            -0.009533548321838656,
            -0.0008433176214582478,
            0.01164179609796513,
            -0.018512774890834097,
            0.023129038452863952,
            0.0015045180695278319,
            0.007283149854860142,
            -0.0367817107448029,
            0.011116759016653887,
            0.010962529219850047,
            -0.00809560843378165,
            0.013227660315390653,
            -0.009634367644094437,
            -0.017253197871433066,
            0.04025225545062304,
            -0.005432448807438282,
            -0.05270304097791691,
            -0.03889654371709269,
            -0.019985303998023944,
            0.046320492372601926,
            0.032834255833229804,
            -0.01860461665329316,
            0.02260122426328924,
            0.022429860975736984,
            -0.02614985583685522,
            0.013002217326614052,
            0.006819342328892015,
            -0.00026849089494647774,
            0.004215895481884797,
            0.01814050364665463,
            0.002219200185020853,
            -0.005729063612120889,
            0.031494230256769236,
            0.03591726231837082,
            -0.02458530831163636,
            0.02624239345748831,
            -0.03878655252258418,
            0.052607376924085604,
            0.006181668591719019,
            0.009168671216458184,
            -0.004121732284343344,
            0.005473906262567109,
            0.01779360681826408,
            -0.007344334034710044,
            0.0077794907006994655,
            0.011695289947005843,
            0.009082729927519014,
            0.0061435295945009025,
            0.006125661974352914,
            -0.003944095506505898,
            0.0019849556524893664,
            -0.0003862200357335104,
            -0.03990060059567143,
            -0.03918102280745107,
            0.040013882634668645,
            -0.035776185958017494,
            -0.015971666750955064,
            0.042906260013142405,
            -0.024552765465829067,
            -0.016200501980578128,
            -0.030619808087674994,
            0.00614424323672125,
            -0.024906704416101887,
            0.011442776560307406,
            0.029759500884960956,
            0.022940862232135206,
            -0.013297638732505196,
            0.007592129032036604,
            0.0013099792548272818,
            0.007771084295922321,
            -0.029204367736314654,
            0.004915320991754974,
            -0.015821992069599798,
            -0.030849501904474837,
            0.008116785430670972,
            -0.004359954639550333,
            0.012421450140444379,
            -0.03158684979046877,
            0.0004268675467948421,
            0.052401079102102906,
            -0.016550634023966816,
            0.01104302190937814,
            0.02504803602684231,
            -0.015504933478686313,
            0.008304662564442934,
            -0.040400940149941125,
            -0.023590467440957174,
            0.004990161405165108,
            -0.03338427726725748,
            -0.0035596571772500115,
            -0.02242676176095782,
            0.008244249089578186,
            0.003984398005658885,
            0.04240955833060005,
            -0.03919647423772032,
            -0.009748512403770957,
            -0.03574028231908094,
            0.0018909365932674486,
            0.007957571510817808,
            -0.02248673856207739,
            -0.010610918501052894,
            -0.018964368241933427,
            0.029125345810605958,
            -0.0038505683860223217,
            -0.003016720937480201,
            0.03853541376740529,
            -0.032142367297020386,
            0.011290529507715164,
            -0.0036980244446801597,
            0.016154922408829455,
            -0.04079150155700644,
            0.005171037342571773,
            -0.029122451817494278,
            0.02388651599244715,
            0.008179379867900675,
            -4.0496065070712516e-16,
            -0.008179379867903023,
            -0.02388651599244741,
            0.029122451817493473,
            -0.005171037342574,
            0.040791501557007,
            -0.01615492240883061,
            0.0036980244446801914,
            -0.01129052950771345,
            0.03214236729701955,
            -0.03853541376740562,
            0.003016720937482802,
            0.00385056838602284,
            -0.029125345810606898,
            0.018964368241934895,
            0.01061091850105149,
            0.022486738562074116,
            -0.007957571510815192,
            -0.0018909365932672964,
            0.03574028231908328,
            0.009748512403774088,
            0.03919647423771928,
            -0.042409558330598326,
            -0.0039843980056565274,
            -0.008244249089577594,
            0.02242676176095786,
            0.0035596571772504395,
            0.033384277267259566,
            -0.004990161405162033,
            0.023590467440953757,
            0.040400940149939814,
            -0.008304662564441928,
            0.015504933478684074,
            -0.02504803602684711,
            -0.011043021909377834,
            0.01655063402396672,
            -0.052401079102102906,
            -0.0004268675467946426,
            0.031586849790470176,
            -0.012421450140441357,
            0.004359954639549712,
            -0.00811678543067059,
            0.030849501904475198,
            0.015821992069597876,
            -0.00491532099175517,
            0.029204367736315524,
            -0.0077710842959186205,
            -0.0013099792548284016,
            -0.007592129032037589,
            0.013297638732499398,
            -0.022940862232136518,
            -0.0297595008849612,
            -0.011442776560306038,
            0.024906704416103424,
            -0.006144243236722014,
            0.030619808087673867,
            0.0162005019805762,
            0.02455276546582836,
            -0.04290626001314593,
            0.015971666750959266,
            0.03577618595801862,
            -0.040013882634671226,
            0.03918102280745215,
            0.03990060059567268,
            0.0003862200357345842,
            -0.001984955652486447,
            0.003944095506509735,
            -0.0061256619743499776,
            -0.006143529594498539,
            -0.009082729927517264,
            -0.011695289947003737,
            -0.007779490700698345,
            0.007344334034710316,
            -0.01779360681826216,
            -0.0054739062625687365,
            0.00412173228434044,
            -0.009168671216458507,
            -0.006181668591719598,
            -0.052607376924090225,
            0.038786552522588634,
            -0.026242393457483637,
            0.02458530831163181,
            -0.03591726231837409,
            -0.0314942302567697,
            0.005729063612116007,
            -0.0022192001850226046,
            -0.01814050364665535,
            -0.004215895481884065,
            0.00026849089494621623,
            -0.006819342328891524,
            -0.013002217326614472,
            0.026149855836856542,
            -0.022429860975736387,
            -0.022601224263290556,
            0.018604616653293174,
            -0.03283425583323163,
            -0.046320492372602315,
            0.019985303998024145,
            0.03889654371709349,
            0.052703040977911876,
            0.005432448807433052,
            -0.04025225545062335,
            0.017253197871432355,
            0.009634367644083352,
            -0.013227660315387491,
            0.008095608433786981,
            -0.010962529219846128,
            -0.011116759016652666,
            0.03678171074480447,
            -0.007283149854861058,
            -0.0015045180695294471,
            -0.0231290384528624,
            0.01851277489083496,
            -0.011641796097963631,
            0.0008433176214579864,
            0.00953354832183696,
            -0.019875099922970516,
            -0.021824242309244672,
            -0.014089988488691028,
            -0.0143799388670295,
            -0.006437167556966979,
            -0.014561412320908344,
            -0.009700768324607116,
            -0.01340686198021242,
            0.014993014938888338,
            0.03256491265316888,
            0.020897828989949314,
            0.03505846324721555
        ]
    }
}