{
    "state": {
        "real": [
            0.8779814746557837,
            0.002029075487227444,
            -0.007996048165686394,
            -0.003725881795892289,
            -0.00034837841100061103,
            -0.0064710816461651475,
            -0.024119614117398883,
            0.03810481362943766,
            0.003202736239279699,
            -0.044894116683397337,
            0.006319747462717549,
            0.0006781281229760452,
            -0.0005591866261011845,
            0.03186979871205474,
            0.0003559572191206544,
            -0.02545019646959389,
            0.021158317777614385,
            -0.0459495377864174,
            -0.03259061963118187,
            0.030418279809273467,
            0.026213708492898613,
            -0.0007995470243703472,
            -0.026293220815661645,
            -0.06266990184542434,
            -0.007028151677943976,
            0.02083328147102621,
            -0.028963993635253378,
            0.009706830058847584,
            -0.01463278921335457,
            -0.027249028767151493,
            0.013122817669502938,
            -0.03717755390793559,
            -0.024310251863825356,
            -0.0016543298251863701,
            0.017512432736087248,
            -0.00644206703645011,
            0.006489697863470034,
            -0.01588134647191889,
            0.0031184020801125647,
            0.04342653694850077,
            0.0002592193161833102,
            -0.013125217682274024,
            0.02139327951604786,
            0.0013703711782344613,
            0.005350118582214569,
            0.007007179939398047,
            0.007710140869118691,
            -0.0025636246326860373,
            -0.007813402327649929,
            0.03385972193336622,
            -0.019672582937634096,
            0.022922316829130436,
            0.03202439339901174,
            -0.003007162182427565,
            -0.018844271717134167,
            0.0016887222539605806,
            0.022123715638333208,
            -0.028203595223568235,
            0.036301178201689606,
            -0.008538436973943722,
            -0.028329516136375466,
            -0.014381652998934692,
            -0.01589410224618762,
            0.004071055727947089,
            -0.019788759545863246,
            0.058677846117166095,
            0.019235543842691903,
            0.0040347863590343485,
            0.021141721495960338,
            0.02048782397778947,
            0.008871141092201353,
            0.008805355693104094,
            0.022598145716566678,
            -0.010600820699569323,
            0.006577716882548509,
            -0.019052072033362778,
            -0.02796572303168662,
            0.006384319237438613,
            0.0070109829915705295,
            0.041545989493179655,
            0.0024753786815662907,
            0.009409076410721157,
            -0.009390319687241135,
            0.020106255760600683,
            -0.023172543715276463,
            -0.029742681243651696,
            -0.022509689551163732,
            -0.01461717090837353,
            -0.021942994620995235,
            0.031824999358735,
            -0.010732578230161582,
            0.011103369429211016,
            -0.03704475853679433,
            0.036695662139015095,
            0.01182663979990057,
            0.019544025411244052,
            -0.006036708822753117,
            0.011853050616698202,
            -0.025169775550480333,
            -0.0039592236633963,
            0.0007490246384712013,
            0.026826224870085978,
            -0.0007053580667442678,
            -0.0171478286382993,
            0.014098575820001479,
            -0.011617978411540905,
            -0.0018754140441884382,
            -0.008058398914269491,
            0.03227995019785902,
            -0.01889666259957533,
            -0.03235246333202752,
            -0.043889367963324474,
            -0.02309336714326654,
            -0.009567492283699104,
            -0.021957667058766492,
            -0.008106752149354498,
            -0.012363951436481798,
            2.504451012536827e-05,
            0.002633925805533124,
            0.007283502964154429,
            -0.026694975310791073,
            -0.0038293001534372762,
            -0.002649347742479671,
            0.022430292115061187,
            -0.0006278866234984215,
            -0.012943866835724637,
            -0.017288385176806104,
            -0.0265120361171041,
            -0.004981523836919778,
            -0.026512036117103434,
            -0.01728838517680715,
            -0.01294386683572453,
            -0.0006278866234984666,
            0.022430292115062277,
            -0.0026493477424795854,
            -0.0038293001534373127,
            -0.02669497531079394,
            0.007283502964154976,
            0.0026339258055299132,
            2.5044510124649227e-05,
            -0.012363951436483965,
            -0.008106752149354983,
            -0.021957667058764632,
            -0.009567492283700345,
            -0.02309336714326501,
            -0.04388936796332542,
            -0.03235246333202585,
            -0.018896662599573868,
            0.03227995019785784,
            -0.008058398914269162,
            -0.0018754140441886442,
            -0.01161797841153799,
            0.014098575820003026,
            -0.01714782863829872,
            -0.0007053580667433943,
            0.026826224870086905,
            0.0007490246384728016,
            -0.003959223663394936,
            -0.025169775550479313,
            0.011853050616695998,
            -0.006036708822747278,
            0.019544025411241648,
            0.01182663979990379,
            0.036695662139014484,
            -0.037044758536793586,
            0.011103369429213392,
            -0.010732578230162517,
            0.031824999358736956,
            -0.02194299462099565,
            -0.014617170908370246,
            -0.022509689551165606,
            -0.02974268124365023,
            -0.023172543715273764,
            0.020106255760600933,
            -0.009390319687246131,
            0.009409076410719908,
            0.0024753786815659667,
            0.041545989493177414,
            0.007010982991572011,
            0.00638431923744058,
            -0.027965723031688292,
            -0.01905207203336095,
            0.006577716882553288,
            -0.010600820699566287,
            0.022598145716564363,
            0.00880535569310453,
            0.008871141092205579,
            0.020487823977789543,
            0.021141721495959418,
            0.004034786359036006,
            0.01923554384269757,
            0.0586778461171686,
            -0.019788759545868166,
            0.004071055727944735,
            -0.015894102246185652,
            -0.014381652998938755,
            -0.02832951613637486,
            -0.008538436973944215,
            0.036301178201687975,
            -0.028203595223563728,
            0.02212371563833274,
            0.001688722253962748,
            -0.018844271717135156,
            -0.0030071621824303524,
            0.03202439339901413,
            0.022922316829128795,
            -0.019672582937633683,
            0.03385972193337152,
            -0.0078134023276463,
            -0.0025636246326797333,
            0.00771014086911629,
            0.007007179939400908,
            0.005350118582213679,
            0.001370371178232694,
            0.0213932795160491,
            -0.013125217682274233,
            0.00025921931618656325,
            0.0434265369485015,
            0.0031184020801123718,
            -0.01588134647191698,
            0.006489697863469236,
            -0.006442067036451232,
            0.017512432736089358,
            -0.0016543298251881344,
            -0.0243102518638239,
            -0.037177553907933626,
            0.013122817669500231,
            -0.027249028767143944,
            -0.014632789213352777,
            0.009706830058848842,
            -0.028963993635250214,
            0.02083328147102304,
            -0.007028151677958376,
            -0.06266990184542678,
            -0.02629322081565785,
            -0.0007995470243689698,
            0.026213708492896944,
            0.03041827980927457,
            -0.032590619631181234,
            -0.045949537786418235,
            0.021158317777613442,
            -0.025450196469591513,
            0.0003559572191213795,
            0.031869798712055725,
            -0.0005591866260998444,
            0.0006781281229755959,
            0.006319747462717469,
            -0.04489411668339846,
            0.003202736239278642,
            0.03810481362943567,
            -0.024119614117393627,
            -0.006471081646165956,
            -0.00034837841100063965,
            -0.003725881795890366,
            -0.00799604816568537,
            0.0020290754872385134
        ],
        "imag": [
            0.0,
            -0.014681327171466587,
            0.0042998987992768165,
            -0.010214787930691091,
            0.022684194824809864,
            0.008356498880193092,
            -0.009634516246794695,
            0.04103048730837757,
            -0.006297047233814743,
            -0.00215203470543018,
            0.014881020780357086,
            0.04339469085955358,
            -0.007168363799729885,
            0.00025650517555520663,
            0.016616737711203904,
            0.0239933524936679,
            0.002804770952145611,
            0.034290099474745234,
            0.01842691554426605,
            -0.017701760916068305,
            0.01970680846494943,
            -0.00470420256765435,
            0.003442604840902725,
            -0.0009086869137631525,
            -0.021848149921045834,
            -0.019429477339788857,
            -0.01512458485547335,
            -0.03921822295626914,
            -0.00012309709068310682,
            0.011596027432749689,
            -0.007582953414678124,
            -0.030760064643345086,
            -0.030658144504933094,
            0.05354263310739633,
            -0.010306288456801226,
            0.03462749575286521,
            -0.0015959529750859732,
            -0.03424104569505473,
            0.02119597859357212,
            -0.001996620862373031,
            -0.001463669489088184,
            0.007466846412602147,
            -0.045055209781472566,
            -0.024577581684025206,
            0.006878758073369777,
            -0.02305097588049218,
            -0.0032887334629325944,
            0.01527206243862438,
            -0.0026569843700087197,
            -0.00957155257899948,
            0.004734802277735163,
            0.0221793555565558,
            -0.05198641976170949,
            -0.011494680852164808,
            0.030342761301852768,
            0.02964509439642518,
            0.019997102607231913,
            -0.04738059192611569,
            0.0027533809480937924,
            -0.01645942871821189,
            -0.01897109143634202,
            0.004257503738043532,
            -0.004689819700971996,
            0.0006579517894602337,
            -0.002146156533691773,
            -0.013325704948899404,
            -0.00639797350851905,
            -0.01714450059716821,
            0.006387855243957761,
            -0.033639286627188916,
            -0.030117551710795595,
            -0.01175416980552909,
            -0.014285882033864593,
            -0.029757099321424632,
            -0.0067189293872798395,
            -0.0256934430877373,
            -0.030228640563248317,
            0.025665188757978775,
            -3.464472358628498e-05,
            -0.014329819486062802,
            -0.00039553998040853765,
            0.028547321589697063,
            0.012738026061454875,
            -0.03280248076886461,
            0.036118629398867425,
            -0.007657941224284918,
            0.03175581974791206,
            -0.011613014518214757,
            0.00901836324233988,
            0.032378959396143575,
            -0.003652053864471404,
            -0.04256957783660851,
            -0.020838775273338692,
            -0.011067007861346057,
            -0.006112624107502093,
            -0.02077809173141926,
            -0.005037063013473117,
            0.03761416058188354,
            0.007409338140662053,
            -0.011383459241212021,
            0.0031960878200307016,
            -0.009216828686277332,
            -0.009006319407379436,
            -0.02422557089109427,
            -0.009539608453663341,
            -0.03580259194672982,
            0.02807922308244237,
            0.01669141873462166,
            0.01745467999691876,
            0.021587850773916825,
            -0.008230759961859634,
            -0.003416541028204036,
            -0.008696292389407037,
            0.0035165909267064212,
            -0.03198086103817717,
            0.012187693283918267,
            -0.002012393685189273,
            0.017822787571876518,
            0.045635189849962565,
            0.0135371565369218,
            -0.013639772005979146,
            -0.014992921265636821,
            -0.019426776989016962,
            -0.0064086419475732756,
            0.006928597401681133,
            -0.013986909270099376,
            0.012807614330686416,
            -0.01819655088936243,
            -2.9394957988318143e-16,
            0.018196550889361562,
            -0.012807614330686156,
            0.013986909270099239,
            -0.006928597401681003,
            0.006408641947572882,
            0.01942677698901565,
            0.01499292126563478,
            0.013639772005981442,
            -0.013537156536923136,
            -0.045635189849963925,
            -0.01782278757187441,
            0.0020123936851909052,
            -0.012187693283919106,
            0.03198086103817947,
            -0.0035165909267087137,
            0.008696292389406663,
            0.0034165410282066063,
            0.008230759961862573,
            -0.021587850773917075,
            -0.017454679996918708,
            -0.016691418734621603,
            -0.028079223082441762,
            0.03580259194673161,
            0.009539608453664491,
            0.02422557089109515,
            0.009006319407380104,
            0.009216828686279077,
            -0.0031960878200301933,
            0.011383459241212458,
            -0.007409338140661555,
            -0.037614160581881335,
            0.005037063013471527,
            0.020778091731414,
            0.006112624107500417,
            0.011067007861343748,
            0.0208387752733388,
            0.04256957783660592,
            0.0036520538644714707,
            -0.032378959396140966,
            -0.009018363242341862,
            0.011613014518215413,
            -0.031755819747911654,
            0.00765794122428678,
            -0.03611862939886644,
            0.032802480768861504,
            -0.012738026061451697,
            -0.028547321589698,
            0.00039553998040793743,
            0.014329819486059745,
            3.464472358694331e-05,
            -0.02566518875797819,
            0.030228640563249153,
            0.025693443087738528,
            0.006718929387278696,
            0.02975709932142363,
            0.014285882033863296,
            0.011754169805529584,
            0.030117551710794787,
            0.033639286627188056,
            -0.006387855243956851,
            0.017144500597167895,
            0.006397973508516624,
            0.013325704948899718,
            0.002146156533690929,
            -0.0006579517894583185,
            0.004689819700975387,
            -0.004257503738039852,
            0.01897109143634403,
            0.016459428718215846,
            -0.002753380948093142,
            0.04738059192611683,
            -0.019997102607232847,
            -0.029645094396425,
            -0.03034276130185269,
            0.011494680852163902,
            0.051986419761708084,
            -0.022179355556556275,
            -0.004734802277737364,
            0.009571552579004551,
            0.0026569843700106188,
            -0.015272062438629379,
            0.0032887334629315723,
            0.023050975880490984,
            -0.006878758073372345,
            0.024577581684025806,
            0.04505520978147121,
            -0.007466846412600994,
            0.0014636694890881067,
            0.001996620862370187,
            -0.021195978593571887,
            0.03424104569505737,
            0.001595952975085243,
            -0.03462749575286495,
            0.01030628845680062,
            -0.05354263310739675,
            0.030658144504934752,
            0.03076006464334217,
            0.007582953414676259,
            -0.011596027432752686,
            0.00012309709068278893,
            0.039218222956268506,
            0.015124584855471692,
            0.01942947733977751,
            0.021848149921050157,
            0.0009086869137705004,
            -0.0034426048409013634,
            0.0047042025676533724,
            -0.0197068084649505,
            0.01770176091606923,
            -0.01842691554426608,
            -0.03429009947474664,
            -0.0028047709521464748,
            -0.02399335249366471,
            -0.01661673771120534,
            -0.00025650517555758927,
            0.0071683637997296285,
            -0.04339469085955226,
            -0.014881020780354972,
            0.0021520347054321235,
            0.006297047233812433,
            -0.04103048730837434,
            0.009634516246794803,
            -0.008356498880196257,
            -0.02268419482480871,
            0.010214787930694587,
            -0.004299898799274704,
            0.014681327171467593
        ]
    }
}