{
    "state": {
        "real": [
            0.9232004668550786,
            -0.05147597070874867,
            0.20593434721295828,
            0.050625633445056946,
            0.039619595043753876,
            -0.09734485988635866,
            -0.05871137081277959,
            0.04916886520574312,
            0.04051218126641967,
            0.04916886520574354,
            -0.05871137081277961,
            -0.09734485988635813,
            0.03961959504375554,
            0.05062563344505763,
            0.2059343472129592,
            -0.05147597070874799
        ],
        "imag": [
            0.0,
            -0.07267182889207363,
            -0.025614070944906094,
            0.024281114009401902,
            -0.015753102037437544,
            -0.034842356823248294,
            -0.020961697310470553,
            0.008331735967186352,
            4.868744388959509e-16,
            -0.008331735967185935,
            0.020961697310471282,
            0.034842356823249966,
            0.015753102037437558,
            -0.024281114009403082,
            0.025614070944905115,
            0.07267182889207435
        ]
    }
}