{
    "state": {
        "real": [
            0.8108837552199005,
            0.28838229036566726,
            -0.09759229329391163,
            -0.05005583634632858,
            0.029740927346775914,
            -0.022606772013727038,
            0.13250456080692863,
            0.003963638906351687,
            -0.12849576939503796,
            0.003963638906351461,
            0.13250456080692785,
            -0.022606772013726843,
            0.029740927346777038,
            -0.05005583634632848,
            -0.09759229329391156,
            0.288382290365667
        ],
        "imag": [
            0.0,
            0.0037841801800652993,
            0.026031708486218077,
            0.0880277042471089,
            0.07958803072760974,
            0.04204761962586448,
            0.11568710091180251,
            0.13743591854532267,
            4.787104113357824e-17,
            -0.13743591854532294,
            -0.1156871009118022,
            -0.04204761962586298,
            -0.07958803072760993,
            -0.08802770424710946,
            -0.026031708486218587,
            -0.0037841801800648604
        ]
    }
}