{
    "state": {
        "real": [
            0.801953399629516,
            -0.05516070754927192,
            0.009885428954447897,
            0.006804233867428422,
            -0.0008017427845965945,
            -0.11554532237057945,
            0.05259138965270637,
            0.169958784437529,
            -0.2613590530467319,
            0.16995878443752965,
            0.052591389652705836,
            -0.11554532237057913,
            -0.0008017427845951553,
            0.006804233867428662,
            0.009885428954447197,
            -0.05516070754927144
        ],
        "imag": [
            0.0,
            -0.10750926458562887,
            0.10733037250458691,
            0.08772683384143304,
            0.12188037803429304,
            -0.1320900517665028,
            -0.13414699986967638,
            -0.12255240124030274,
            6.263832769186854e-16,
            0.12255240124030242,
            0.13414699986967668,
            0.13209005176650482,
            -0.12188037803429301,
            -0.08772683384143445,
            -0.10733037250458749,
            0.10750926458562994
        ]
    }
}