{
    "state": {
        "real": [
            0.8703043528301819,
            -0.09150955272225425,
            -0.07471346329678849,
            -0.043223100459320825,
            -0.007035399479619659,
            0.18811435253398473,
            -0.06259176252657957,
            -0.06868804653590534,
            -0.16830420188700057,
            -0.06868804653590543,
            -0.06259176252657939,
            0.1881143525339857,
            -0.007035399479618013,
            -0.04322310045931988,
            -0.07471346329678817,
            -0.09150955272225464
        ],
        "imag": [
            0.0,
            0.07081640898443312,
            -0.10705500452779569,
            -0.101475499004921,
            -0.023984310243175017,
            -0.09636962811383118,
            -0.10014356274231015,
            -0.02369166823352893,
            3.0124263678816447e-16,
            0.023691668233529597,
            0.1001435627423114,
            0.09636962811383235,
            0.023984310243175253,
            0.10147549900492009,
            0.10705500452779396,
            -0.07081640898443267
        ]
    }
}