{
    "state": {
        "real": [
            0.9093077835587752,
            1.5907173507421005e-05,
            -0.010064759472996664,
            -0.006315482309553175,
            0.030681904999898802,
            0.12872948053604744,
            -0.03395683866005221,
            0.030494033586574758,
            0.003621285956603734,
            0.030494033586574362,
            -0.033956838660052675,
            0.12872948053604769,
            0.030681904999898865,
            -0.00631548230955309,
            -0.010064759472996909,
            1.590717350675834e-05
        ],
        "imag": [
            0.0,
            0.13142263079322444,
            -0.0030439730041559813,
            0.06826604824939876,
            0.206526071559368,
            -0.039570135117972256,
            0.0037498736059532745,
            -0.025729783560209368,
            -1.744593808620353e-16,
            0.025729783560209253,
            -0.0037498736059524626,
            0.039570135117973144,
            -0.20652607155936795,
            -0.06826604824939925,
            0.0030439730041551347,
            -0.13142263079322372
        ]
    }
}