{
    "state": {
        "real": [
            0.9038109688782758,
            -0.05833780259398806,
            -0.13108727926040578,
            -0.08166580886647026,
            0.05875884179629119,
            0.08045177180286965,
            -0.00020180798045389692,
            0.1361062845676388,
            -0.017565346034248547,
            0.13610628456763887,
            -0.00020180798045439652,
            0.08045177180286985,
            0.0587588417962921,
            -0.08166580886647018,
            -0.13108727926040636,
            -0.0583378025939878
        ],
        "imag": [
            0.0,
            -0.018148797007693306,
            0.14527566688149915,
            -0.012481423469581268,
            -0.0257133471488613,
            -0.08916031805073811,
            -0.07405334246511555,
            0.004152893423654436,
            1.9481214903711412e-16,
            -0.004152893423654699,
            0.07405334246511616,
            0.08916031805073958,
            0.02571334714886134,
            0.012481423469580286,
            -0.14527566688149962,
            0.018148797007694294
        ]
    }
}