{
    "state": {
        "real": [
            0.8808199618963004,
            0.10760649503510825,
            -0.05794957513545654,
            -0.008405831458132562,
            0.08809354004306438,
            0.009453488113231809,
            -0.1514442378032657,
            0.09493178583883281,
            -0.08503140821438299,
            0.09493178583883274,
            -0.1514442378032656,
            0.00945348811323269,
            0.08809354004306628,
            -0.008405831458132139,
            -0.057949575135455816,
            0.10760649503510791
        ],
        "imag": [
            0.0,
            -0.007428543945597776,
            -0.15288650174064333,
            0.08371434110711018,
            0.014648040375741592,
            -0.036144458644254536,
            -0.14163615208783586,
            -0.040476828344165494,
            3.1847158392898607e-16,
            0.04047682834416582,
            0.14163615208783742,
            0.0361444586442559,
            -0.014648040375741841,
            -0.08371434110711092,
            0.15288650174064172,
            0.007428543945597943
        ]
    }
}