{
    "state": {
        "real": [
            0.8786235243321593,
            0.17526533682346676,
            -0.04854733588522096,
            0.11987760494414058,
            -0.07838564592205184,
            -0.048235582146852286,
            -0.03737470680592196,
            0.03388556121711947,
            0.09148066845545397,
            0.0338855612171195,
            -0.03737470680592172,
            -0.04823558214685133,
            -0.07838564592204997,
            0.11987760494414182,
            -0.048547335885220144,
            0.17526533682346662
        ],
        "imag": [
            0.0,
            -0.028981803846064948,
            -0.07302074006510598,
            -0.10770283835653427,
            0.09433938114669194,
            -0.051882243379240786,
            -0.14831553086328053,
            -0.0018531708414613948,
            2.6348220882805285e-16,
            0.0018531708414620263,
            0.14831553086328172,
            0.05188224337924218,
            -0.09433938114669163,
            0.10770283835653316,
            0.07302074006510478,
            0.02898180384606501
        ]
    }
}