{
    "state": {
        "real": [
            0.8992841762539108,
            -0.0659752155971773,
            -0.10878161175060126,
            -0.12183215885530137,
            -0.17819501068016907,
            0.016223727473557433,
            -0.0029643662760419735,
            0.0014456492022548693,
            0.0703597319825452,
            0.0014456492022544946,
            -0.002964366276042449,
            0.016223727473557815,
            -0.17819501068016838,
            -0.12183215885530103,
            -0.10878161175060086,
            -0.06597521559717734
        ],
        "imag": [
            0.0,
            0.04682651968278192,
            -0.016696271044111245,
            0.046266541357472754,
            -0.022724170332582616,
            -0.09807263379279269,
            -0.006014635895376711,
            0.12381058561967229,
            -9.893636190411299e-17,
            -0.12381058561967231,
            0.006014635895377336,
            0.09807263379279373,
            0.022724170332582862,
            -0.046266541357473476,
            0.016696271044110506,
            -0.046826519682781315
        ]
    }
}