{
    "state": {
        "real": [
            0.8181183780905388,
            -0.09440621897529707,
            0.09686680097146233,
            -0.03842836656610257,
            0.13855209428290682,
            0.021254055625489862,
            -0.11382542965155024,
            -0.16732145642013457,
            -0.14000804846676385,
            -0.16732145642013446,
            -0.11382542965155003,
            0.02125405562549061,
            0.13855209428290804,
            -0.03842836656610199,
            0.09686680097146265,
            -0.09440621897529636
        ],
        "imag": [
            0.0,
            -0.06439569799746839,
            0.16446773837672413,
            -0.003904418633193213,
            -0.017191183975285573,
            -0.09014307337678369,
            0.05069147212964054,
            0.181559475382429,
            3.7889628195681526e-16,
            -0.1815594753824283,
            -0.05069147212963963,
            0.0901430733767849,
            0.01719118397528553,
            0.0039044186331922415,
            -0.16446773837672507,
            0.06439569799746915
        ]
    }
}